+ java -ea -cp /home/abhi/Desktop/compiler/project3/build:/home/abhi/.hacs/share/java/hacs.jar:/home/abhi/.hacs/share/java/crsx.jar -Dfile.encoding=UTF-8 -Xss20000K -Xmx2000m net.sf.crsx.run.Crsx allow-unnamed-rules allow-missing-cases sortify verbose=1 'grammar=('\''org.crsx.hacs.HxRaw'\'';'\''net.sf.crsx.text.Text'\'';)' input=/home/abhi/Desktop/compiler/project3/build/edu/nyu/csci/cc/fall14/Pr3Base.hx category=rawHxModule output=/home/abhi/Desktop/compiler/project3/build/edu/nyu/csci/cc/fall14/Pr3Base.hxraw.tmp simple-terms max-indent=10 width=255
// $Sortify
// $[Load, "/home/abhi/Desktop/compiler/project3/build/edu/nyu/csci/cc/fall14/Pr3Base.hx", "rawHxModule"]

// Normalizing with 0 rules
// Normal form with null after 0 rewrites

+ mv /home/abhi/Desktop/compiler/project3/build/edu/nyu/csci/cc/fall14/Pr3Base.hxraw.tmp /home/abhi/Desktop/compiler/project3/build/edu/nyu/csci/cc/fall14/Pr3Base.hxraw
+ '[' -x /home/abhi/.hacs/lib/hacs/HacsRewriter -a -z '' ']'
+ LD_LIBRARY_PATH=/home/abhi/.hacs/lib/hacs/icu4c/lib
+ /home/abhi/.hacs/lib/hacs/HacsRewriter wrapper=Prep input=/home/abhi/Desktop/compiler/project3/build/edu/nyu/csci/cc/fall14/Pr3Base.hxraw output=/home/abhi/Desktop/compiler/project3/build/edu/nyu/csci/cc/fall14/Pr3Base.prep.tmp
+ mv /home/abhi/Desktop/compiler/project3/build/edu/nyu/csci/cc/fall14/Pr3Base.prep.tmp /home/abhi/Desktop/compiler/project3/build/edu/nyu/csci/cc/fall14/Pr3Base.prep
+ sed -e :start -e '/[/][*][*][*]\([^*]\|[*][^*]\)*$/{N; bstart;}' -e 's./[*][*][*]\([A-Z]*[&]\)*USERPG\([&][A-Z]*\)*: *\(\([^*]\|[*][^*]\)*\)[*][*][*]/.\3.g' -e tstart -e 's./[*][*][*]\([^*]\|[*][^*]\)*[*][*][*]/..g' -e tstart -e 's/ *$//gM' /home/abhi/Desktop/compiler/project3/build/edu/nyu/csci/cc/fall14/Pr3Base.prep
+ mv /home/abhi/Desktop/compiler/project3/build/edu/nyu/csci/cc/fall14/Pr3BaseParser.pg.tmp /home/abhi/Desktop/compiler/project3/build/edu/nyu/csci/cc/fall14/Pr3BaseParser.pg
+ java -ea -cp /home/abhi/Desktop/compiler/project3/build:/home/abhi/.hacs/share/java/hacs.jar:/home/abhi/.hacs/share/java/crsx.jar net.sf.crsx.pg.PG verbose=1 -source=/home/abhi/Desktop/compiler/project3/build /home/abhi/Desktop/compiler/project3/build/edu/nyu/csci/cc/fall14/Pr3BaseParser.pg
+ mkdir -p /home/abhi/Desktop/compiler/project3/build/edu/nyu/csci/cc/fall14/
+ cd /home/abhi/Desktop/compiler/project3/build/edu/nyu/csci/cc/fall14/
+ java -cp /home/abhi/.hacs/share/java/javacc.jar javacc Pr3BaseParser.jj
Java Compiler Compiler Version 6.0_1 (Parser Generator)
(type "javacc" with no arguments for help)
Reading from file Pr3BaseParser.jj . . .
File "TokenMgrError.java" does not exist.  Will create one.
File "ParseException.java" does not exist.  Will create one.
File "Token.java" does not exist.  Will create one.
File "SimpleCharStream.java" does not exist.  Will create one.
Parser generated successfully.
+ cd /home/abhi/Desktop/compiler/project3/build
+ javac -cp :/home/abhi/.hacs/share/java/hacs.jar:/home/abhi/.hacs/share/java/crsx.jar /home/abhi/Desktop/compiler/project3/build/edu/nyu/csci/cc/fall14/Pr3BaseParser.java
Note: /home/abhi/Desktop/compiler/project3/build/edu/nyu/csci/cc/fall14/Pr3BaseParser.java uses or overrides a deprecated API.
Note: Recompile with -Xlint:deprecation for details.
+ java -ea -cp /home/abhi/Desktop/compiler/project3/build:/home/abhi/.hacs/share/java/hacs.jar:/home/abhi/.hacs/share/java/crsx.jar -Dfile.encoding=UTF-8 -Xss20000K -Xmx2000m net.sf.crsx.run.Crsx allow-unnamed-rules allow-missing-cases sortify verbose=1 'grammar=('\''org.crsx.hacs.HxRaw'\'';'\''net.sf.crsx.text.Text'\'';)' input=/home/abhi/Desktop/compiler/project3/build/edu/nyu/csci/cc/fall14/Pr3Base.hx category=rawHxModule output=/home/abhi/Desktop/compiler/project3/build/edu/nyu/csci/cc/fall14/Pr3Base.hxraw.tmp simple-terms max-indent=10 width=255
// $Sortify
// $[Load, "/home/abhi/Desktop/compiler/project3/build/edu/nyu/csci/cc/fall14/Pr3Base.hx", "rawHxModule"]

// Normalizing with 0 rules
// Normal form with null after 0 rewrites

+ mv /home/abhi/Desktop/compiler/project3/build/edu/nyu/csci/cc/fall14/Pr3Base.hxraw.tmp /home/abhi/Desktop/compiler/project3/build/edu/nyu/csci/cc/fall14/Pr3Base.hxraw
+ '[' -x /home/abhi/.hacs/lib/hacs/HacsRewriter -a -z '' ']'
+ LD_LIBRARY_PATH=/home/abhi/.hacs/lib/hacs/icu4c/lib
+ /home/abhi/.hacs/lib/hacs/HacsRewriter wrapper=Prep input=/home/abhi/Desktop/compiler/project3/build/edu/nyu/csci/cc/fall14/Pr3Base.hxraw output=/home/abhi/Desktop/compiler/project3/build/edu/nyu/csci/cc/fall14/Pr3Base.prep.tmp
+ mv /home/abhi/Desktop/compiler/project3/build/edu/nyu/csci/cc/fall14/Pr3Base.prep.tmp /home/abhi/Desktop/compiler/project3/build/edu/nyu/csci/cc/fall14/Pr3Base.prep
+ sed -e :start -e '/[/][*][*][*]\([^*]\|[*][^*]\)*$/{N; bstart;}' -e 's./[*][*][*]\([A-Z]*[&]\)*METAPG\([&][A-Z]*\)*: *\(\([^*]\|[*][^*]\)*\)[*][*][*]/.\3.g' -e tstart -e 's./[*][*][*]\([^*]\|[*][^*]\)*[*][*][*]/..g' -e tstart -e 's/ *$//gM' /home/abhi/Desktop/compiler/project3/build/edu/nyu/csci/cc/fall14/Pr3Base.prep
+ mv /home/abhi/Desktop/compiler/project3/build/edu/nyu/csci/cc/fall14/Pr3BaseHx.pgtemplate.tmp /home/abhi/Desktop/compiler/project3/build/edu/nyu/csci/cc/fall14/Pr3BaseHx.pgtemplate
+ mkdir -p /home/abhi/Desktop/compiler/project3/build/org/crsx/hacs
+ cd /home/abhi/Desktop/compiler/project3/build
+ jar xf /home/abhi/.hacs/share/java/hacs.jar org/crsx/hacs/Hx.pgnames
+ cd /home/abhi/Desktop/compiler/project3/build
+ jar xf /home/abhi/.hacs/share/java/hacs.jar org/crsx/hacs/Hx.pgdecs
+ cd /home/abhi/Desktop/compiler/project3/build
+ jar xf /home/abhi/.hacs/share/java/hacs.jar org/crsx/hacs/Hx.pgpre
+ cd /home/abhi/Desktop/compiler/project3/build
+ jar xf /home/abhi/.hacs/share/java/hacs.jar org/crsx/hacs/Hx.pgpost
++ sed -n 's/prefix *"\(.*\)".*/\1/p' /home/abhi/Desktop/compiler/project3/build/edu/nyu/csci/cc/fall14/Pr3BaseHx.pgtemplate
+ prefix=pr3baseMeta_
+ sed -e s/%%%PREFIX%%%/pr3baseMeta_/g
+ sed -e '/%%%HXNONTERMINALS%%%/ bnames' -e '/%%%HXDECLARATIONS%%%/ bdecs' -e '/%%%HXPREPRODUCTIONS%%%/ bpre' -e '/%%%HXPOSTPRODUCTIONS%%%/ bpost' -e b -e :names -e 'r /home/abhi/Desktop/compiler/project3/build/org/crsx/hacs/Hx.pgnames' -e d -e :decs -e 'r /home/abhi/Desktop/compiler/project3/build/org/crsx/hacs/Hx.pgdecs' -e d -e :pre -e 'r /home/abhi/Desktop/compiler/project3/build/org/crsx/hacs/Hx.pgpre' -e d -e :post -e 'r /home/abhi/Desktop/compiler/project3/build/org/crsx/hacs/Hx.pgpost' -e d -e 's/ *$//' /home/abhi/Desktop/compiler/project3/build/edu/nyu/csci/cc/fall14/Pr3BaseHx.pgtemplate
+ mv /home/abhi/Desktop/compiler/project3/build/edu/nyu/csci/cc/fall14/Pr3BaseHx.pg.tmp /home/abhi/Desktop/compiler/project3/build/edu/nyu/csci/cc/fall14/Pr3BaseHx.pg
+ java -ea -cp /home/abhi/Desktop/compiler/project3/build:/home/abhi/.hacs/share/java/hacs.jar:/home/abhi/.hacs/share/java/crsx.jar net.sf.crsx.pg.PG verbose=1 -source=/home/abhi/Desktop/compiler/project3/build /home/abhi/Desktop/compiler/project3/build/edu/nyu/csci/cc/fall14/Pr3BaseHx.pg
+ mkdir -p /home/abhi/Desktop/compiler/project3/build/edu/nyu/csci/cc/fall14/
+ cd /home/abhi/Desktop/compiler/project3/build/edu/nyu/csci/cc/fall14/
+ java -cp /home/abhi/.hacs/share/java/javacc.jar javacc Pr3BaseHx.jj
Java Compiler Compiler Version 6.0_1 (Parser Generator)
(type "javacc" with no arguments for help)
Reading from file Pr3BaseHx.jj . . .
Error: Line 3417, Column 11: Non-terminal N_Identifer has not been defined.
Error: Line 3423, Column 11: Non-terminal N_Identifer has not been defined.
Detected 2 errors and 0 warnings.
+ cd /home/abhi/Desktop/compiler/project3/build
+ javac -cp :/home/abhi/.hacs/share/java/hacs.jar:/home/abhi/.hacs/share/java/crsx.jar /home/abhi/Desktop/compiler/project3/build/edu/nyu/csci/cc/fall14/Pr3BaseHx.java
javac: file not found: /home/abhi/Desktop/compiler/project3/build/edu/nyu/csci/cc/fall14/Pr3BaseHx.java
Usage: javac <options> <source files>
use -help for a list of possible options
