+ java -ea -cp /home/abhi/Desktop/compiler/project3-again/build:/home/abhi/.hacs/share/java/hacs.jar:/home/abhi/.hacs/share/java/crsx.jar -Dfile.encoding=UTF-8 -Xss20000K -Xmx2000m net.sf.crsx.run.Crsx allow-unnamed-rules allow-missing-cases sortify verbose=1 'grammar=('\''org.crsx.hacs.HxRaw'\'';'\''net.sf.crsx.text.Text'\'';)' input=/home/abhi/Desktop/compiler/project3-again/build/edu/nyu/csci/cc/fall14/Pr3Base.hx category=rawHxModule output=/home/abhi/Desktop/compiler/project3-again/build/edu/nyu/csci/cc/fall14/Pr3Base.hxraw.tmp simple-terms max-indent=10 width=255
// $Sortify
// $[Load, "/home/abhi/Desktop/compiler/project3-again/build/edu/nyu/csci/cc/fall14/Pr3Base.hx", "rawHxModule"]

// Normalizing with 0 rules
// Normal form with null after 0 rewrites

+ mv /home/abhi/Desktop/compiler/project3-again/build/edu/nyu/csci/cc/fall14/Pr3Base.hxraw.tmp /home/abhi/Desktop/compiler/project3-again/build/edu/nyu/csci/cc/fall14/Pr3Base.hxraw
+ '[' -x /home/abhi/.hacs/lib/hacs/HacsRewriter -a -z '' ']'
+ LD_LIBRARY_PATH=/home/abhi/.hacs/lib/hacs/icu4c/lib
+ /home/abhi/.hacs/lib/hacs/HacsRewriter wrapper=Prep input=/home/abhi/Desktop/compiler/project3-again/build/edu/nyu/csci/cc/fall14/Pr3Base.hxraw output=/home/abhi/Desktop/compiler/project3-again/build/edu/nyu/csci/cc/fall14/Pr3Base.prep.tmp
+ mv /home/abhi/Desktop/compiler/project3-again/build/edu/nyu/csci/cc/fall14/Pr3Base.prep.tmp /home/abhi/Desktop/compiler/project3-again/build/edu/nyu/csci/cc/fall14/Pr3Base.prep
+ sed -e :start -e '/[/][*][*][*]\([^*]\|[*][^*]\)*$/{N; bstart;}' -e 's./[*][*][*]\([A-Z]*[&]\)*USERPG\([&][A-Z]*\)*: *\(\([^*]\|[*][^*]\)*\)[*][*][*]/.\3.g' -e tstart -e 's./[*][*][*]\([^*]\|[*][^*]\)*[*][*][*]/..g' -e tstart -e 's/ *$//gM' /home/abhi/Desktop/compiler/project3-again/build/edu/nyu/csci/cc/fall14/Pr3Base.prep
+ mv /home/abhi/Desktop/compiler/project3-again/build/edu/nyu/csci/cc/fall14/Pr3BaseParser.pg.tmp /home/abhi/Desktop/compiler/project3-again/build/edu/nyu/csci/cc/fall14/Pr3BaseParser.pg
+ java -ea -cp /home/abhi/Desktop/compiler/project3-again/build:/home/abhi/.hacs/share/java/hacs.jar:/home/abhi/.hacs/share/java/crsx.jar net.sf.crsx.pg.PG verbose=1 -source=/home/abhi/Desktop/compiler/project3-again/build /home/abhi/Desktop/compiler/project3-again/build/edu/nyu/csci/cc/fall14/Pr3BaseParser.pg
+ mkdir -p /home/abhi/Desktop/compiler/project3-again/build/edu/nyu/csci/cc/fall14/
+ cd /home/abhi/Desktop/compiler/project3-again/build/edu/nyu/csci/cc/fall14/
+ java -cp /home/abhi/.hacs/share/java/javacc.jar javacc Pr3BaseParser.jj
Java Compiler Compiler Version 6.0_1 (Parser Generator)
(type "javacc" with no arguments for help)
Reading from file Pr3BaseParser.jj . . .
File "TokenMgrError.java" does not exist.  Will create one.
File "ParseException.java" does not exist.  Will create one.
File "Token.java" does not exist.  Will create one.
File "SimpleCharStream.java" does not exist.  Will create one.
Parser generated successfully.
+ cd /home/abhi/Desktop/compiler/project3-again/build
+ javac -cp :/home/abhi/.hacs/share/java/hacs.jar:/home/abhi/.hacs/share/java/crsx.jar /home/abhi/Desktop/compiler/project3-again/build/edu/nyu/csci/cc/fall14/Pr3BaseParser.java
Note: /home/abhi/Desktop/compiler/project3-again/build/edu/nyu/csci/cc/fall14/Pr3BaseParser.java uses or overrides a deprecated API.
Note: Recompile with -Xlint:deprecation for details.
+ java -ea -cp /home/abhi/Desktop/compiler/project3-again/build:/home/abhi/.hacs/share/java/hacs.jar:/home/abhi/.hacs/share/java/crsx.jar -Dfile.encoding=UTF-8 -Xss20000K -Xmx2000m net.sf.crsx.run.Crsx allow-unnamed-rules allow-missing-cases sortify verbose=1 'grammar=('\''org.crsx.hacs.HxRaw'\'';'\''net.sf.crsx.text.Text'\'';)' input=/home/abhi/Desktop/compiler/project3-again/build/edu/nyu/csci/cc/fall14/Pr3Base.hx category=rawHxModule output=/home/abhi/Desktop/compiler/project3-again/build/edu/nyu/csci/cc/fall14/Pr3Base.hxraw.tmp simple-terms max-indent=10 width=255
// $Sortify
// $[Load, "/home/abhi/Desktop/compiler/project3-again/build/edu/nyu/csci/cc/fall14/Pr3Base.hx", "rawHxModule"]

// Normalizing with 0 rules
// Normal form with null after 0 rewrites

+ mv /home/abhi/Desktop/compiler/project3-again/build/edu/nyu/csci/cc/fall14/Pr3Base.hxraw.tmp /home/abhi/Desktop/compiler/project3-again/build/edu/nyu/csci/cc/fall14/Pr3Base.hxraw
+ '[' -x /home/abhi/.hacs/lib/hacs/HacsRewriter -a -z '' ']'
+ LD_LIBRARY_PATH=/home/abhi/.hacs/lib/hacs/icu4c/lib
+ /home/abhi/.hacs/lib/hacs/HacsRewriter wrapper=Prep input=/home/abhi/Desktop/compiler/project3-again/build/edu/nyu/csci/cc/fall14/Pr3Base.hxraw output=/home/abhi/Desktop/compiler/project3-again/build/edu/nyu/csci/cc/fall14/Pr3Base.prep.tmp
+ mv /home/abhi/Desktop/compiler/project3-again/build/edu/nyu/csci/cc/fall14/Pr3Base.prep.tmp /home/abhi/Desktop/compiler/project3-again/build/edu/nyu/csci/cc/fall14/Pr3Base.prep
+ sed -e :start -e '/[/][*][*][*]\([^*]\|[*][^*]\)*$/{N; bstart;}' -e 's./[*][*][*]\([A-Z]*[&]\)*METAPG\([&][A-Z]*\)*: *\(\([^*]\|[*][^*]\)*\)[*][*][*]/.\3.g' -e tstart -e 's./[*][*][*]\([^*]\|[*][^*]\)*[*][*][*]/..g' -e tstart -e 's/ *$//gM' /home/abhi/Desktop/compiler/project3-again/build/edu/nyu/csci/cc/fall14/Pr3Base.prep
+ mv /home/abhi/Desktop/compiler/project3-again/build/edu/nyu/csci/cc/fall14/Pr3BaseHx.pgtemplate.tmp /home/abhi/Desktop/compiler/project3-again/build/edu/nyu/csci/cc/fall14/Pr3BaseHx.pgtemplate
+ mkdir -p /home/abhi/Desktop/compiler/project3-again/build/org/crsx/hacs
+ cd /home/abhi/Desktop/compiler/project3-again/build
+ jar xf /home/abhi/.hacs/share/java/hacs.jar org/crsx/hacs/Hx.pgnames
+ cd /home/abhi/Desktop/compiler/project3-again/build
+ jar xf /home/abhi/.hacs/share/java/hacs.jar org/crsx/hacs/Hx.pgdecs
+ cd /home/abhi/Desktop/compiler/project3-again/build
+ jar xf /home/abhi/.hacs/share/java/hacs.jar org/crsx/hacs/Hx.pgpre
+ cd /home/abhi/Desktop/compiler/project3-again/build
+ jar xf /home/abhi/.hacs/share/java/hacs.jar org/crsx/hacs/Hx.pgpost
++ sed -n 's/prefix *"\(.*\)".*/\1/p' /home/abhi/Desktop/compiler/project3-again/build/edu/nyu/csci/cc/fall14/Pr3BaseHx.pgtemplate
+ prefix=pr3baseMeta_
+ sed -e s/%%%PREFIX%%%/pr3baseMeta_/g
+ sed -e '/%%%HXNONTERMINALS%%%/ bnames' -e '/%%%HXDECLARATIONS%%%/ bdecs' -e '/%%%HXPREPRODUCTIONS%%%/ bpre' -e '/%%%HXPOSTPRODUCTIONS%%%/ bpost' -e b -e :names -e 'r /home/abhi/Desktop/compiler/project3-again/build/org/crsx/hacs/Hx.pgnames' -e d -e :decs -e 'r /home/abhi/Desktop/compiler/project3-again/build/org/crsx/hacs/Hx.pgdecs' -e d -e :pre -e 'r /home/abhi/Desktop/compiler/project3-again/build/org/crsx/hacs/Hx.pgpre' -e d -e :post -e 'r /home/abhi/Desktop/compiler/project3-again/build/org/crsx/hacs/Hx.pgpost' -e d -e 's/ *$//' /home/abhi/Desktop/compiler/project3-again/build/edu/nyu/csci/cc/fall14/Pr3BaseHx.pgtemplate
+ mv /home/abhi/Desktop/compiler/project3-again/build/edu/nyu/csci/cc/fall14/Pr3BaseHx.pg.tmp /home/abhi/Desktop/compiler/project3-again/build/edu/nyu/csci/cc/fall14/Pr3BaseHx.pg
+ java -ea -cp /home/abhi/Desktop/compiler/project3-again/build:/home/abhi/.hacs/share/java/hacs.jar:/home/abhi/.hacs/share/java/crsx.jar net.sf.crsx.pg.PG verbose=1 -source=/home/abhi/Desktop/compiler/project3-again/build /home/abhi/Desktop/compiler/project3-again/build/edu/nyu/csci/cc/fall14/Pr3BaseHx.pg
+ mkdir -p /home/abhi/Desktop/compiler/project3-again/build/edu/nyu/csci/cc/fall14/
+ cd /home/abhi/Desktop/compiler/project3-again/build/edu/nyu/csci/cc/fall14/
+ java -cp /home/abhi/.hacs/share/java/javacc.jar javacc Pr3BaseHx.jj
Java Compiler Compiler Version 6.0_1 (Parser Generator)
(type "javacc" with no arguments for help)
Reading from file Pr3BaseHx.jj . . .
Warning: Line 5071, Column 18: Non-ASCII characters used in regular expression.Please make sure you use the correct Reader when you create the parser, one that can handle your character set.
File "TokenMgrError.java" is being rebuilt.
File "ParseException.java" is being rebuilt.
File "Token.java" is being rebuilt.
File "SimpleCharStream.java" is being rebuilt.
Parser generated with 0 errors and 1 warnings.
+ cd /home/abhi/Desktop/compiler/project3-again/build
+ javac -cp :/home/abhi/.hacs/share/java/hacs.jar:/home/abhi/.hacs/share/java/crsx.jar /home/abhi/Desktop/compiler/project3-again/build/edu/nyu/csci/cc/fall14/Pr3BaseHx.java
Note: /home/abhi/Desktop/compiler/project3-again/build/edu/nyu/csci/cc/fall14/Pr3BaseHx.java uses or overrides a deprecated API.
Note: Recompile with -Xlint:deprecation for details.
+ java -ea -cp /home/abhi/Desktop/compiler/project3-again/build:/home/abhi/.hacs/share/java/hacs.jar:/home/abhi/.hacs/share/java/crsx.jar -Dfile.encoding=UTF-8 -Xss20000K -Xmx2000m net.sf.crsx.run.Crsx allow-unnamed-rules allow-missing-cases sortify verbose=1 'grammar=('\''org.crsx.hacs.HxRaw'\'';'\''net.sf.crsx.text.Text'\'';)' input=/home/abhi/Desktop/compiler/project3-again/build/edu/nyu/csci/cc/fall14/Pr3Base.hx category=rawHxModule output=/home/abhi/Desktop/compiler/project3-again/build/edu/nyu/csci/cc/fall14/Pr3Base.hxraw.tmp simple-terms max-indent=10 width=255
// $Sortify
// $[Load, "/home/abhi/Desktop/compiler/project3-again/build/edu/nyu/csci/cc/fall14/Pr3Base.hx", "rawHxModule"]

// Normalizing with 0 rules
// Normal form with null after 0 rewrites

+ mv /home/abhi/Desktop/compiler/project3-again/build/edu/nyu/csci/cc/fall14/Pr3Base.hxraw.tmp /home/abhi/Desktop/compiler/project3-again/build/edu/nyu/csci/cc/fall14/Pr3Base.hxraw
+ '[' -x /home/abhi/.hacs/lib/hacs/HacsRewriter -a -z '' ']'
+ LD_LIBRARY_PATH=/home/abhi/.hacs/lib/hacs/icu4c/lib
+ /home/abhi/.hacs/lib/hacs/HacsRewriter wrapper=Prep input=/home/abhi/Desktop/compiler/project3-again/build/edu/nyu/csci/cc/fall14/Pr3Base.hxraw output=/home/abhi/Desktop/compiler/project3-again/build/edu/nyu/csci/cc/fall14/Pr3Base.prep.tmp
+ mv /home/abhi/Desktop/compiler/project3-again/build/edu/nyu/csci/cc/fall14/Pr3Base.prep.tmp /home/abhi/Desktop/compiler/project3-again/build/edu/nyu/csci/cc/fall14/Pr3Base.prep
+ sed -e :start -e '/[/][*][*][*]\([^*]\|[*][^*]\)*$/{N; bstart;}' -e 's./[*][*][*]\([A-Z]*[&]\)*EMBEDPG\([&][A-Z]*\)*: *\(\([^*]\|[*][^*]\)*\)[*][*][*]/.\3.g' -e tstart -e 's./[*][*][*]\([^*]\|[*][^*]\)*[*][*][*]/..g' -e tstart -e 's/ *$//gM' /home/abhi/Desktop/compiler/project3-again/build/edu/nyu/csci/cc/fall14/Pr3Base.prep
+ mv /home/abhi/Desktop/compiler/project3-again/build/edu/nyu/csci/cc/fall14/Pr3BaseEmbed.pg.tmp /home/abhi/Desktop/compiler/project3-again/build/edu/nyu/csci/cc/fall14/Pr3BaseEmbed.pg
+ java -ea -cp /home/abhi/Desktop/compiler/project3-again/build:/home/abhi/.hacs/share/java/hacs.jar:/home/abhi/.hacs/share/java/crsx.jar net.sf.crsx.pg.PG verbose=1 -source=/home/abhi/Desktop/compiler/project3-again/build /home/abhi/Desktop/compiler/project3-again/build/edu/nyu/csci/cc/fall14/Pr3BaseEmbed.pg
+ mkdir -p /home/abhi/Desktop/compiler/project3-again/build/edu/nyu/csci/cc/fall14/
+ cd /home/abhi/Desktop/compiler/project3-again/build/edu/nyu/csci/cc/fall14/
+ java -cp /home/abhi/.hacs/share/java/javacc.jar javacc Pr3BaseEmbed.jj
Java Compiler Compiler Version 6.0_1 (Parser Generator)
(type "javacc" with no arguments for help)
Reading from file Pr3BaseEmbed.jj . . .
Warning: Line 3221, Column 38: Non-ASCII characters used in regular expression.Please make sure you use the correct Reader when you create the parser, one that can handle your character set.
File "TokenMgrError.java" is being rebuilt.
File "ParseException.java" is being rebuilt.
File "Token.java" is being rebuilt.
File "SimpleCharStream.java" is being rebuilt.
Parser generated with 0 errors and 1 warnings.
+ cd /home/abhi/Desktop/compiler/project3-again/build
+ javac -cp :/home/abhi/.hacs/share/java/hacs.jar:/home/abhi/.hacs/share/java/crsx.jar /home/abhi/Desktop/compiler/project3-again/build/edu/nyu/csci/cc/fall14/Pr3BaseEmbed.java
Note: /home/abhi/Desktop/compiler/project3-again/build/edu/nyu/csci/cc/fall14/Pr3BaseEmbed.java uses or overrides a deprecated API.
Note: Recompile with -Xlint:deprecation for details.
+ java -ea -cp /home/abhi/Desktop/compiler/project3-again/build:/home/abhi/.hacs/share/java/hacs.jar:/home/abhi/.hacs/share/java/crsx.jar -Dfile.encoding=UTF-8 -Xss20000K -Xmx2000m net.sf.crsx.run.Crsx allow-unnamed-rules allow-missing-cases sortify verbose=1 'grammar=('\''org.crsx.hacs.HxRaw'\'';'\''net.sf.crsx.text.Text'\'';)' input=/home/abhi/Desktop/compiler/project3-again/build/edu/nyu/csci/cc/fall14/Pr3Base.hx category=rawHxModule output=/home/abhi/Desktop/compiler/project3-again/build/edu/nyu/csci/cc/fall14/Pr3Base.hxraw.tmp simple-terms max-indent=10 width=255
// $Sortify
// $[Load, "/home/abhi/Desktop/compiler/project3-again/build/edu/nyu/csci/cc/fall14/Pr3Base.hx", "rawHxModule"]

// Normalizing with 0 rules
// Normal form with null after 0 rewrites

+ mv /home/abhi/Desktop/compiler/project3-again/build/edu/nyu/csci/cc/fall14/Pr3Base.hxraw.tmp /home/abhi/Desktop/compiler/project3-again/build/edu/nyu/csci/cc/fall14/Pr3Base.hxraw
+ '[' -x /home/abhi/.hacs/lib/hacs/HacsRewriter -a -z '' ']'
+ LD_LIBRARY_PATH=/home/abhi/.hacs/lib/hacs/icu4c/lib
+ /home/abhi/.hacs/lib/hacs/HacsRewriter wrapper=P-PrintEnvironment input=/home/abhi/Desktop/compiler/project3-again/build/edu/nyu/csci/cc/fall14/Pr3Base.hxraw output=/home/abhi/Desktop/compiler/project3-again/build/edu/nyu/csci/cc/fall14/Pr3Base.env.tmp
+ mv /home/abhi/Desktop/compiler/project3-again/build/edu/nyu/csci/cc/fall14/Pr3Base.env.tmp /home/abhi/Desktop/compiler/project3-again/build/edu/nyu/csci/cc/fall14/Pr3Base.env
+ MODULE=edu.nyu.csci.cc.fall14.Pr3Base
+ NAME=Pr3Base
+ SORT=Program
+ SORTS='Program Integers Integer ArgumentSignature TypeIdentifierTail Instructions Instruction Op Declarations Declaration IfTail Expression Statements Statement Identifier Type Reg Regs Arg Mem Sign Constant IDENTIFIER INTEGER'
+ SINKCLASS=net.sf.crsx.text.TextSink
+ PARSERCLASS=edu.nyu.csci.cc.fall14.Pr3BaseParser
+ PREFIX=pr3base_
+ METAPARSERCLASS=edu.nyu.csci.cc.fall14.Pr3BaseHx
+ METAPREFIX=pr3baseMeta_
+ EMBEDPARSERCLASS=edu.nyu.csci.cc.fall14.Pr3BaseEmbed
+ EMBEDPREFIX=pr3baseEmbed_
+ dir=/home/abhi/Desktop/compiler/project3-again/build/edu/nyu/csci/cc/fall14/
+ package=edu.nyu.csci.cc.fall14
++ tr . /
++ echo edu.nyu.csci.cc.fall14
+ packagedir=edu/nyu/csci/cc/fall14
+ java -ea -cp /home/abhi/Desktop/compiler/project3-again/build:/home/abhi/.hacs/share/java/hacs.jar:/home/abhi/.hacs/share/java/crsx.jar -Dfile.encoding=UTF-8 -Xss20000K -Xmx2000m net.sf.crsx.run.Crsx allow-unnamed-rules allow-missing-cases sortify verbose=1 'grammar=('\''edu.nyu.csci.cc.fall14.Pr3BaseHx'\'';'\''edu.nyu.csci.cc.fall14.Pr3BaseEmbed'\'';'\''net.sf.crsx.text.Text'\'';'\''org.crsx.hacs.Prelude'\'';)' input=/home/abhi/Desktop/compiler/project3-again/build/edu/nyu/csci/cc/fall14/Pr3Base.hx category=pr3baseMeta_HxModule output=/home/abhi/Desktop/compiler/project3-again/build/edu/nyu/csci/cc/fall14/Pr3Base.hxprep.tmp simple-terms max-indent=10 width=255
// $Sortify
// $[Load, "/home/abhi/Desktop/compiler/project3-again/build/edu/nyu/csci/cc/fall14/Pr3Base.hx", "pr3baseMeta_HxModule"]
Exception in thread "main" java.lang.RuntimeException: net.sf.crsx.CRSException: Encountered " "{" "{ "" at line 254, column 25.
Was expecting:
    <EOF> 
    
	at net.sf.crsx.generic.GenericEvaluator.compute(Unknown Source)
	at net.sf.crsx.generic.GenericEvaluator.compute(Unknown Source)
	at net.sf.crsx.generic.GenericCRS.evaluateArguments(Unknown Source)
	at net.sf.crsx.generic.GenericCRS.loadDirective(Unknown Source)
	at net.sf.crsx.generic.GenericCRS.loadDirective(Unknown Source)
	at net.sf.crsx.generic.GenericCRS.load(Unknown Source)
	at net.sf.crsx.run.Crsx.realMain(Unknown Source)
	at net.sf.crsx.run.Crsx.realMain(Unknown Source)
	at net.sf.crsx.run.Crsx.main(Unknown Source)
Caused by: net.sf.crsx.CRSException: Encountered " "{" "{ "" at line 254, column 25.
Was expecting:
    <EOF> 
    
	at edu.nyu.csci.cc.fall14.Pr3BaseHx.parse(Pr3BaseHx.java:168)
	at net.sf.crsx.generic.GenericFactory.parse(Unknown Source)
	... 9 more
