+ java -ea -cp /home/abhi/Desktop/compiler3/project2b/build:/home/abhi/.hacs/share/java/hacs.jar:/home/abhi/.hacs/share/java/crsx.jar -Dfile.encoding=UTF-8 -Xss20000K -Xmx2000m net.sf.crsx.run.Crsx allow-unnamed-rules allow-missing-cases sortify verbose=1 'grammar=('\''org.crsx.hacs.HxRaw'\'';'\''net.sf.crsx.text.Text'\'';)' input=/home/abhi/Desktop/compiler3/project2b/build/edu/nyu/csci/cc/fall14/Pr2Base.hx category=rawHxModule output=/home/abhi/Desktop/compiler3/project2b/build/edu/nyu/csci/cc/fall14/Pr2Base.hxraw.tmp simple-terms max-indent=10 width=255
// $Sortify
// $[Load, "/home/abhi/Desktop/compiler3/project2b/build/edu/nyu/csci/cc/fall14/Pr2Base.hx", "rawHxModule"]

// Normalizing with 0 rules
// Normal form with null after 0 rewrites

+ mv /home/abhi/Desktop/compiler3/project2b/build/edu/nyu/csci/cc/fall14/Pr2Base.hxraw.tmp /home/abhi/Desktop/compiler3/project2b/build/edu/nyu/csci/cc/fall14/Pr2Base.hxraw
+ '[' -x /home/abhi/.hacs/lib/hacs/HacsRewriter -a -z '' ']'
+ LD_LIBRARY_PATH=/home/abhi/Desktop/compiler4/hacs/lib/icu4c/lib
+ /home/abhi/.hacs/lib/hacs/HacsRewriter wrapper=Prep input=/home/abhi/Desktop/compiler3/project2b/build/edu/nyu/csci/cc/fall14/Pr2Base.hxraw output=/home/abhi/Desktop/compiler3/project2b/build/edu/nyu/csci/cc/fall14/Pr2Base.prep.tmp
+ mv /home/abhi/Desktop/compiler3/project2b/build/edu/nyu/csci/cc/fall14/Pr2Base.prep.tmp /home/abhi/Desktop/compiler3/project2b/build/edu/nyu/csci/cc/fall14/Pr2Base.prep
+ sed -e :start -e '/[/][*][*][*]\([^*]\|[*][^*]\)*$/{N; bstart;}' -e 's./[*][*][*]\([A-Z]*[&]\)*USERPG\([&][A-Z]*\)*: *\(\([^*]\|[*][^*]\)*\)[*][*][*]/.\3.g' -e tstart -e 's./[*][*][*]\([^*]\|[*][^*]\)*[*][*][*]/..g' -e tstart -e 's/ *$//gM' /home/abhi/Desktop/compiler3/project2b/build/edu/nyu/csci/cc/fall14/Pr2Base.prep
+ mv /home/abhi/Desktop/compiler3/project2b/build/edu/nyu/csci/cc/fall14/Pr2BaseParser.pg.tmp /home/abhi/Desktop/compiler3/project2b/build/edu/nyu/csci/cc/fall14/Pr2BaseParser.pg
+ java -ea -cp /home/abhi/Desktop/compiler3/project2b/build:/home/abhi/.hacs/share/java/hacs.jar:/home/abhi/.hacs/share/java/crsx.jar net.sf.crsx.pg.PG verbose=1 -source=/home/abhi/Desktop/compiler3/project2b/build /home/abhi/Desktop/compiler3/project2b/build/edu/nyu/csci/cc/fall14/Pr2BaseParser.pg
+ mkdir -p /home/abhi/Desktop/compiler3/project2b/build/edu/nyu/csci/cc/fall14/
+ cd /home/abhi/Desktop/compiler3/project2b/build/edu/nyu/csci/cc/fall14/
+ java -cp /home/abhi/.hacs/share/java/javacc.jar javacc Pr2BaseParser.jj
Java Compiler Compiler Version 6.0_1 (Parser Generator)
(type "javacc" with no arguments for help)
Reading from file Pr2BaseParser.jj . . .
File "TokenMgrError.java" does not exist.  Will create one.
File "ParseException.java" does not exist.  Will create one.
File "Token.java" does not exist.  Will create one.
File "SimpleCharStream.java" does not exist.  Will create one.
Parser generated successfully.
+ cd /home/abhi/Desktop/compiler3/project2b/build
+ javac -cp :/home/abhi/.hacs/share/java/hacs.jar:/home/abhi/.hacs/share/java/crsx.jar edu/nyu/csci/cc/fall14/Pr2BaseParser.java
Note: edu/nyu/csci/cc/fall14/Pr2BaseParser.java uses or overrides a deprecated API.
Note: Recompile with -Xlint:deprecation for details.
+ java -ea -cp /home/abhi/Desktop/compiler3/project2b/build:/home/abhi/.hacs/share/java/hacs.jar:/home/abhi/.hacs/share/java/crsx.jar -Dfile.encoding=UTF-8 -Xss20000K -Xmx2000m net.sf.crsx.run.Crsx allow-unnamed-rules allow-missing-cases sortify verbose=1 'grammar=('\''org.crsx.hacs.HxRaw'\'';'\''net.sf.crsx.text.Text'\'';)' input=/home/abhi/Desktop/compiler3/project2b/build/edu/nyu/csci/cc/fall14/Pr2Base.hx category=rawHxModule output=/home/abhi/Desktop/compiler3/project2b/build/edu/nyu/csci/cc/fall14/Pr2Base.hxraw.tmp simple-terms max-indent=10 width=255
// $Sortify
// $[Load, "/home/abhi/Desktop/compiler3/project2b/build/edu/nyu/csci/cc/fall14/Pr2Base.hx", "rawHxModule"]

// Normalizing with 0 rules
// Normal form with null after 0 rewrites

+ mv /home/abhi/Desktop/compiler3/project2b/build/edu/nyu/csci/cc/fall14/Pr2Base.hxraw.tmp /home/abhi/Desktop/compiler3/project2b/build/edu/nyu/csci/cc/fall14/Pr2Base.hxraw
+ '[' -x /home/abhi/.hacs/lib/hacs/HacsRewriter -a -z '' ']'
+ LD_LIBRARY_PATH=/home/abhi/Desktop/compiler4/hacs/lib/icu4c/lib
+ /home/abhi/.hacs/lib/hacs/HacsRewriter wrapper=Prep input=/home/abhi/Desktop/compiler3/project2b/build/edu/nyu/csci/cc/fall14/Pr2Base.hxraw output=/home/abhi/Desktop/compiler3/project2b/build/edu/nyu/csci/cc/fall14/Pr2Base.prep.tmp
+ mv /home/abhi/Desktop/compiler3/project2b/build/edu/nyu/csci/cc/fall14/Pr2Base.prep.tmp /home/abhi/Desktop/compiler3/project2b/build/edu/nyu/csci/cc/fall14/Pr2Base.prep
+ sed -e :start -e '/[/][*][*][*]\([^*]\|[*][^*]\)*$/{N; bstart;}' -e 's./[*][*][*]\([A-Z]*[&]\)*METAPG\([&][A-Z]*\)*: *\(\([^*]\|[*][^*]\)*\)[*][*][*]/.\3.g' -e tstart -e 's./[*][*][*]\([^*]\|[*][^*]\)*[*][*][*]/..g' -e tstart -e 's/ *$//gM' /home/abhi/Desktop/compiler3/project2b/build/edu/nyu/csci/cc/fall14/Pr2Base.prep
+ mv /home/abhi/Desktop/compiler3/project2b/build/edu/nyu/csci/cc/fall14/Pr2BaseHx.pgtemplate.tmp /home/abhi/Desktop/compiler3/project2b/build/edu/nyu/csci/cc/fall14/Pr2BaseHx.pgtemplate
+ mkdir -p /home/abhi/Desktop/compiler3/project2b/build/org/crsx/hacs
+ cd /home/abhi/Desktop/compiler3/project2b/build
+ jar xf /home/abhi/.hacs/share/java/hacs.jar org/crsx/hacs/Hx.pgnames
+ cd /home/abhi/Desktop/compiler3/project2b/build
+ jar xf /home/abhi/.hacs/share/java/hacs.jar org/crsx/hacs/Hx.pgdecs
+ cd /home/abhi/Desktop/compiler3/project2b/build
+ jar xf /home/abhi/.hacs/share/java/hacs.jar org/crsx/hacs/Hx.pgpre
+ cd /home/abhi/Desktop/compiler3/project2b/build
+ jar xf /home/abhi/.hacs/share/java/hacs.jar org/crsx/hacs/Hx.pgpost
++ sed -n 's/prefix *"\(.*\)".*/\1/p' /home/abhi/Desktop/compiler3/project2b/build/edu/nyu/csci/cc/fall14/Pr2BaseHx.pgtemplate
+ prefix=pr2baseMeta_
+ sed -e s/%%%PREFIX%%%/pr2baseMeta_/g
+ sed -e '/%%%HXNONTERMINALS%%%/ bnames' -e '/%%%HXDECLARATIONS%%%/ bdecs' -e '/%%%HXPREPRODUCTIONS%%%/ bpre' -e '/%%%HXPOSTPRODUCTIONS%%%/ bpost' -e b -e :names -e 'r /home/abhi/Desktop/compiler3/project2b/build/org/crsx/hacs/Hx.pgnames' -e d -e :decs -e 'r /home/abhi/Desktop/compiler3/project2b/build/org/crsx/hacs/Hx.pgdecs' -e d -e :pre -e 'r /home/abhi/Desktop/compiler3/project2b/build/org/crsx/hacs/Hx.pgpre' -e d -e :post -e 'r /home/abhi/Desktop/compiler3/project2b/build/org/crsx/hacs/Hx.pgpost' -e d -e 's/ *$//' /home/abhi/Desktop/compiler3/project2b/build/edu/nyu/csci/cc/fall14/Pr2BaseHx.pgtemplate
+ mv /home/abhi/Desktop/compiler3/project2b/build/edu/nyu/csci/cc/fall14/Pr2BaseHx.pg.tmp /home/abhi/Desktop/compiler3/project2b/build/edu/nyu/csci/cc/fall14/Pr2BaseHx.pg
+ java -ea -cp /home/abhi/Desktop/compiler3/project2b/build:/home/abhi/.hacs/share/java/hacs.jar:/home/abhi/.hacs/share/java/crsx.jar net.sf.crsx.pg.PG verbose=1 -source=/home/abhi/Desktop/compiler3/project2b/build /home/abhi/Desktop/compiler3/project2b/build/edu/nyu/csci/cc/fall14/Pr2BaseHx.pg
+ mkdir -p /home/abhi/Desktop/compiler3/project2b/build/edu/nyu/csci/cc/fall14/
+ cd /home/abhi/Desktop/compiler3/project2b/build/edu/nyu/csci/cc/fall14/
+ java -cp /home/abhi/.hacs/share/java/javacc.jar javacc Pr2BaseHx.jj
Java Compiler Compiler Version 6.0_1 (Parser Generator)
(type "javacc" with no arguments for help)
Reading from file Pr2BaseHx.jj . . .
Warning: Line 4601, Column 18: Non-ASCII characters used in regular expression.Please make sure you use the correct Reader when you create the parser, one that can handle your character set.
File "TokenMgrError.java" is being rebuilt.
File "ParseException.java" is being rebuilt.
File "Token.java" is being rebuilt.
File "SimpleCharStream.java" is being rebuilt.
Parser generated with 0 errors and 1 warnings.
+ cd /home/abhi/Desktop/compiler3/project2b/build
+ javac -cp :/home/abhi/.hacs/share/java/hacs.jar:/home/abhi/.hacs/share/java/crsx.jar edu/nyu/csci/cc/fall14/Pr2BaseHx.java
Note: edu/nyu/csci/cc/fall14/Pr2BaseHx.java uses or overrides a deprecated API.
Note: Recompile with -Xlint:deprecation for details.
+ java -ea -cp /home/abhi/Desktop/compiler3/project2b/build:/home/abhi/.hacs/share/java/hacs.jar:/home/abhi/.hacs/share/java/crsx.jar -Dfile.encoding=UTF-8 -Xss20000K -Xmx2000m net.sf.crsx.run.Crsx allow-unnamed-rules allow-missing-cases sortify verbose=1 'grammar=('\''org.crsx.hacs.HxRaw'\'';'\''net.sf.crsx.text.Text'\'';)' input=/home/abhi/Desktop/compiler3/project2b/build/edu/nyu/csci/cc/fall14/Pr2Base.hx category=rawHxModule output=/home/abhi/Desktop/compiler3/project2b/build/edu/nyu/csci/cc/fall14/Pr2Base.hxraw.tmp simple-terms max-indent=10 width=255
// $Sortify
// $[Load, "/home/abhi/Desktop/compiler3/project2b/build/edu/nyu/csci/cc/fall14/Pr2Base.hx", "rawHxModule"]

// Normalizing with 0 rules
// Normal form with null after 0 rewrites

+ mv /home/abhi/Desktop/compiler3/project2b/build/edu/nyu/csci/cc/fall14/Pr2Base.hxraw.tmp /home/abhi/Desktop/compiler3/project2b/build/edu/nyu/csci/cc/fall14/Pr2Base.hxraw
+ '[' -x /home/abhi/.hacs/lib/hacs/HacsRewriter -a -z '' ']'
+ LD_LIBRARY_PATH=/home/abhi/Desktop/compiler4/hacs/lib/icu4c/lib
+ /home/abhi/.hacs/lib/hacs/HacsRewriter wrapper=Prep input=/home/abhi/Desktop/compiler3/project2b/build/edu/nyu/csci/cc/fall14/Pr2Base.hxraw output=/home/abhi/Desktop/compiler3/project2b/build/edu/nyu/csci/cc/fall14/Pr2Base.prep.tmp
+ mv /home/abhi/Desktop/compiler3/project2b/build/edu/nyu/csci/cc/fall14/Pr2Base.prep.tmp /home/abhi/Desktop/compiler3/project2b/build/edu/nyu/csci/cc/fall14/Pr2Base.prep
+ sed -e :start -e '/[/][*][*][*]\([^*]\|[*][^*]\)*$/{N; bstart;}' -e 's./[*][*][*]\([A-Z]*[&]\)*EMBEDPG\([&][A-Z]*\)*: *\(\([^*]\|[*][^*]\)*\)[*][*][*]/.\3.g' -e tstart -e 's./[*][*][*]\([^*]\|[*][^*]\)*[*][*][*]/..g' -e tstart -e 's/ *$//gM' /home/abhi/Desktop/compiler3/project2b/build/edu/nyu/csci/cc/fall14/Pr2Base.prep
+ mv /home/abhi/Desktop/compiler3/project2b/build/edu/nyu/csci/cc/fall14/Pr2BaseEmbed.pg.tmp /home/abhi/Desktop/compiler3/project2b/build/edu/nyu/csci/cc/fall14/Pr2BaseEmbed.pg
+ java -ea -cp /home/abhi/Desktop/compiler3/project2b/build:/home/abhi/.hacs/share/java/hacs.jar:/home/abhi/.hacs/share/java/crsx.jar net.sf.crsx.pg.PG verbose=1 -source=/home/abhi/Desktop/compiler3/project2b/build /home/abhi/Desktop/compiler3/project2b/build/edu/nyu/csci/cc/fall14/Pr2BaseEmbed.pg
+ mkdir -p /home/abhi/Desktop/compiler3/project2b/build/edu/nyu/csci/cc/fall14/
+ cd /home/abhi/Desktop/compiler3/project2b/build/edu/nyu/csci/cc/fall14/
+ java -cp /home/abhi/.hacs/share/java/javacc.jar javacc Pr2BaseEmbed.jj
Java Compiler Compiler Version 6.0_1 (Parser Generator)
(type "javacc" with no arguments for help)
Reading from file Pr2BaseEmbed.jj . . .
Warning: Line 2927, Column 34: Non-ASCII characters used in regular expression.Please make sure you use the correct Reader when you create the parser, one that can handle your character set.
File "TokenMgrError.java" is being rebuilt.
File "ParseException.java" is being rebuilt.
File "Token.java" is being rebuilt.
File "SimpleCharStream.java" is being rebuilt.
Parser generated with 0 errors and 1 warnings.
+ cd /home/abhi/Desktop/compiler3/project2b/build
+ javac -cp :/home/abhi/.hacs/share/java/hacs.jar:/home/abhi/.hacs/share/java/crsx.jar edu/nyu/csci/cc/fall14/Pr2BaseEmbed.java
Note: edu/nyu/csci/cc/fall14/Pr2BaseEmbed.java uses or overrides a deprecated API.
Note: Recompile with -Xlint:deprecation for details.
+ java -ea -cp /home/abhi/Desktop/compiler3/project2b/build:/home/abhi/.hacs/share/java/hacs.jar:/home/abhi/.hacs/share/java/crsx.jar -Dfile.encoding=UTF-8 -Xss20000K -Xmx2000m net.sf.crsx.run.Crsx allow-unnamed-rules allow-missing-cases sortify verbose=1 'grammar=('\''org.crsx.hacs.HxRaw'\'';'\''net.sf.crsx.text.Text'\'';)' input=/home/abhi/Desktop/compiler3/project2b/build/edu/nyu/csci/cc/fall14/Pr2Base.hx category=rawHxModule output=/home/abhi/Desktop/compiler3/project2b/build/edu/nyu/csci/cc/fall14/Pr2Base.hxraw.tmp simple-terms max-indent=10 width=255
// $Sortify
// $[Load, "/home/abhi/Desktop/compiler3/project2b/build/edu/nyu/csci/cc/fall14/Pr2Base.hx", "rawHxModule"]

// Normalizing with 0 rules
// Normal form with null after 0 rewrites

+ mv /home/abhi/Desktop/compiler3/project2b/build/edu/nyu/csci/cc/fall14/Pr2Base.hxraw.tmp /home/abhi/Desktop/compiler3/project2b/build/edu/nyu/csci/cc/fall14/Pr2Base.hxraw
+ '[' -x /home/abhi/.hacs/lib/hacs/HacsRewriter -a -z '' ']'
+ LD_LIBRARY_PATH=/home/abhi/Desktop/compiler4/hacs/lib/icu4c/lib
+ /home/abhi/.hacs/lib/hacs/HacsRewriter wrapper=P-PrintEnvironment input=/home/abhi/Desktop/compiler3/project2b/build/edu/nyu/csci/cc/fall14/Pr2Base.hxraw output=/home/abhi/Desktop/compiler3/project2b/build/edu/nyu/csci/cc/fall14/Pr2Base.env.tmp
+ mv /home/abhi/Desktop/compiler3/project2b/build/edu/nyu/csci/cc/fall14/Pr2Base.env.tmp /home/abhi/Desktop/compiler3/project2b/build/edu/nyu/csci/cc/fall14/Pr2Base.env
+ MODULE=edu.nyu.csci.cc.fall14.Pr2Base
+ NAME=Pr2Base
+ SORT=Program
+ SORTS='Program Declarations Declaration Members Member ArgumentSignature TypeIdentifierTail Statements Statement IfTail Type Expression Literal SimpleLiteral ObjectLiteral KeyValueTail KeyValue Identifier Integer String'
+ SINKCLASS=net.sf.crsx.text.TextSink
+ PARSERCLASS=edu.nyu.csci.cc.fall14.Pr2BaseParser
+ PREFIX=pr2base_
+ METAPARSERCLASS=edu.nyu.csci.cc.fall14.Pr2BaseHx
+ METAPREFIX=pr2baseMeta_
+ EMBEDPARSERCLASS=edu.nyu.csci.cc.fall14.Pr2BaseEmbed
+ EMBEDPREFIX=pr2baseEmbed_
+ dir=/home/abhi/Desktop/compiler3/project2b/build/edu/nyu/csci/cc/fall14/
+ package=edu.nyu.csci.cc.fall14
++ tr . /
++ echo edu.nyu.csci.cc.fall14
+ packagedir=edu/nyu/csci/cc/fall14
+ java -ea -cp /home/abhi/Desktop/compiler3/project2b/build:/home/abhi/.hacs/share/java/hacs.jar:/home/abhi/.hacs/share/java/crsx.jar -Dfile.encoding=UTF-8 -Xss20000K -Xmx2000m net.sf.crsx.run.Crsx allow-unnamed-rules allow-missing-cases sortify verbose=1 'grammar=('\''edu.nyu.csci.cc.fall14.Pr2BaseHx'\'';'\''edu.nyu.csci.cc.fall14.Pr2BaseEmbed'\'';'\''net.sf.crsx.text.Text'\'';)' input=/home/abhi/Desktop/compiler3/project2b/build/edu/nyu/csci/cc/fall14/Pr2Base.hx category=pr2baseMeta_HxModule output=/home/abhi/Desktop/compiler3/project2b/build/edu/nyu/csci/cc/fall14/Pr2Base.hxprep.tmp simple-terms max-indent=10 width=255
// $Sortify
// $[Load, "/home/abhi/Desktop/compiler3/project2b/build/edu/nyu/csci/cc/fall14/Pr2Base.hx", "pr2baseMeta_HxModule"]

// Normalizing with 0 rules
// Normal form with null after 0 rewrites

+ mv /home/abhi/Desktop/compiler3/project2b/build/edu/nyu/csci/cc/fall14/Pr2Base.hxprep.tmp /home/abhi/Desktop/compiler3/project2b/build/edu/nyu/csci/cc/fall14/Pr2Base.hxprep
+ '[' -x /home/abhi/.hacs/lib/hacs/HacsRewriter -a -z '' ']'
+ LD_LIBRARY_PATH=/home/abhi/Desktop/compiler4/hacs/lib/icu4c/lib
+ /home/abhi/.hacs/lib/hacs/HacsRewriter crsx-debug-steps wrapper=Cook input=/home/abhi/Desktop/compiler3/project2b/build/edu/nyu/csci/cc/fall14/Pr2Base.hxprep output=/home/abhi/Desktop/compiler3/project2b/build/edu/nyu/csci/cc/fall14/Pr2BaseRewriter.crs.tmp
+ sed s/222222222/9/g /home/abhi/Desktop/compiler3/project2b/build/edu/nyu/csci/cc/fall14/Pr2BaseRewriter.crs.tmp
+ MODULE=edu.nyu.csci.cc.fall14.Pr2Base
+ NAME=Pr2Base
+ SORT=Program
+ SORTS='Program Declarations Declaration Members Member ArgumentSignature TypeIdentifierTail Statements Statement IfTail Type Expression Literal SimpleLiteral ObjectLiteral KeyValueTail KeyValue Identifier Integer String'
+ SINKCLASS=net.sf.crsx.text.TextSink
+ PARSERCLASS=edu.nyu.csci.cc.fall14.Pr2BaseParser
+ PREFIX=pr2base_
+ METAPARSERCLASS=edu.nyu.csci.cc.fall14.Pr2BaseHx
+ METAPREFIX=pr2baseMeta_
+ EMBEDPARSERCLASS=edu.nyu.csci.cc.fall14.Pr2BaseEmbed
+ EMBEDPREFIX=pr2baseEmbed_
+ dir=./
+ package=edu.nyu.csci.cc.fall14
++ tr . /
++ echo edu.nyu.csci.cc.fall14
+ packagedir=edu/nyu/csci/cc/fall14
+ '[' -x /home/abhi/.hacs/lib/hacs/HacsRewriter -a -z '' ']'
++ unzip -q -p /home/abhi/.hacs/share/java/hacs.jar org/crsx/hacs/VERSION
+ LD_LIBRARY_PATH=/home/abhi/Desktop/compiler4/hacs/lib/icu4c/lib
+ /home/abhi/.hacs/lib/hacs/HacsRewriter term=MakeRun output=Pr2Base.run.tmp MODULE=edu.nyu.csci.cc.fall14.Pr2Base NAME=Pr2Base SORT=Program 'SORTS=Program Declarations Declaration Members Member ArgumentSignature TypeIdentifierTail Statements Statement IfTail Type Expression Literal SimpleLiteral ObjectLiteral KeyValueTail KeyValue Identifier Integer String' SINKCLASS=net.sf.crsx.text.TextSink PARSERCLASS=edu.nyu.csci.cc.fall14.Pr2BaseParser PREFIX=pr2base_ METAPARSERCLASS=edu.nyu.csci.cc.fall14.Pr2BaseHx METAPREFIX=pr2baseMeta_ EMBEDPARSERCLASS=edu.nyu.csci.cc.fall14.Pr2BaseEmbed EMBEDPREFIX=pr2baseEmbed_ PACKAGE=edu.nyu.csci.cc.fall14 PACKAGEDIR=edu/nyu/csci/cc/fall14 BUILD=/home/abhi/Desktop/compiler3/project2b/build HACSVERSION=0.9.1 CRSXJAR=/home/abhi/.hacs/share/java/crsx.jar HACSJAR=/home/abhi/.hacs/share/java/hacs.jar CRSXC=/home/abhi/.hacs/lib/hacs/crsxc ICU4CINCLUDE=/home/abhi/Desktop/compiler4/hacs/lib/icu4c/include ICU4CDIR=/home/abhi/Desktop/compiler4/hacs/lib/icu4c/lib LIBDIR=/home/abhi/.hacs/lib/hacs BINDIR=/home/abhi/.hacs/bin DOCDIR= SHAREDIR=/home/abhi/.hacs/share/hacs SHAREJAVA=/home/abhi/.hacs/share/java SHELL=/bin/bash JAVA=java JAVAC=javac
+ mv Pr2Base.run.tmp Pr2Base.run
+ java -ea -cp /home/abhi/Desktop/compiler/project2b/build:/home/abhi/.hacs/share/java/hacs.jar:/home/abhi/.hacs/share/java/crsx.jar -Dfile.encoding=UTF-8 -Xss20000K -Xmx2000m net.sf.crsx.run.Crsx allow-unnamed-rules allow-missing-cases sortify verbose=1 'grammar=('\''org.crsx.hacs.HxRaw'\'';'\''net.sf.crsx.text.Text'\'';)' input=/home/abhi/Desktop/compiler/project2b/build/edu/nyu/csci/cc/fall14/Pr2Base.hx category=rawHxModule output=/home/abhi/Desktop/compiler/project2b/build/edu/nyu/csci/cc/fall14/Pr2Base.hxraw.tmp simple-terms max-indent=10 width=255
// $Sortify
// $[Load, "/home/abhi/Desktop/compiler/project2b/build/edu/nyu/csci/cc/fall14/Pr2Base.hx", "rawHxModule"]

// Normalizing with 0 rules
// Normal form with null after 0 rewrites

+ mv /home/abhi/Desktop/compiler/project2b/build/edu/nyu/csci/cc/fall14/Pr2Base.hxraw.tmp /home/abhi/Desktop/compiler/project2b/build/edu/nyu/csci/cc/fall14/Pr2Base.hxraw
+ '[' -x /home/abhi/.hacs/lib/hacs/HacsRewriter -a -z '' ']'
+ LD_LIBRARY_PATH=/home/abhi/Desktop/hacs/hacs/lib/icu4c/lib
+ /home/abhi/.hacs/lib/hacs/HacsRewriter wrapper=Prep input=/home/abhi/Desktop/compiler/project2b/build/edu/nyu/csci/cc/fall14/Pr2Base.hxraw output=/home/abhi/Desktop/compiler/project2b/build/edu/nyu/csci/cc/fall14/Pr2Base.prep.tmp
+ mv /home/abhi/Desktop/compiler/project2b/build/edu/nyu/csci/cc/fall14/Pr2Base.prep.tmp /home/abhi/Desktop/compiler/project2b/build/edu/nyu/csci/cc/fall14/Pr2Base.prep
+ sed -e :start -e '/[/][*][*][*]\([^*]\|[*][^*]\)*$/{N; bstart;}' -e 's./[*][*][*]\([A-Z]*[&]\)*USERPG\([&][A-Z]*\)*: *\(\([^*]\|[*][^*]\)*\)[*][*][*]/.\3.g' -e tstart -e 's./[*][*][*]\([^*]\|[*][^*]\)*[*][*][*]/..g' -e tstart -e 's/ *$//gM' /home/abhi/Desktop/compiler/project2b/build/edu/nyu/csci/cc/fall14/Pr2Base.prep
+ mv /home/abhi/Desktop/compiler/project2b/build/edu/nyu/csci/cc/fall14/Pr2BaseParser.pg.tmp /home/abhi/Desktop/compiler/project2b/build/edu/nyu/csci/cc/fall14/Pr2BaseParser.pg
+ java -ea -cp /home/abhi/Desktop/compiler/project2b/build:/home/abhi/.hacs/share/java/hacs.jar:/home/abhi/.hacs/share/java/crsx.jar net.sf.crsx.pg.PG verbose=1 -source=/home/abhi/Desktop/compiler/project2b/build /home/abhi/Desktop/compiler/project2b/build/edu/nyu/csci/cc/fall14/Pr2BaseParser.pg
+ mkdir -p /home/abhi/Desktop/compiler/project2b/build/edu/nyu/csci/cc/fall14/
+ cd /home/abhi/Desktop/compiler/project2b/build/edu/nyu/csci/cc/fall14/
+ java -cp /home/abhi/.hacs/share/java/javacc.jar javacc Pr2BaseParser.jj
Java Compiler Compiler Version 6.0_1 (Parser Generator)
(type "javacc" with no arguments for help)
Reading from file Pr2BaseParser.jj . . .
File "TokenMgrError.java" is being rebuilt.
File "ParseException.java" is being rebuilt.
File "Token.java" is being rebuilt.
File "SimpleCharStream.java" is being rebuilt.
Parser generated successfully.
+ cd /home/abhi/Desktop/compiler/project2b/build
+ javac -cp :/home/abhi/.hacs/share/java/hacs.jar:/home/abhi/.hacs/share/java/crsx.jar edu/nyu/csci/cc/fall14/Pr2BaseParser.java
Note: edu/nyu/csci/cc/fall14/Pr2BaseParser.java uses or overrides a deprecated API.
Note: Recompile with -Xlint:deprecation for details.
+ java -ea -cp /home/abhi/Desktop/compiler/project2b/build:/home/abhi/.hacs/share/java/hacs.jar:/home/abhi/.hacs/share/java/crsx.jar -Dfile.encoding=UTF-8 -Xss20000K -Xmx2000m net.sf.crsx.run.Crsx allow-unnamed-rules allow-missing-cases sortify verbose=1 'grammar=('\''org.crsx.hacs.HxRaw'\'';'\''net.sf.crsx.text.Text'\'';)' input=/home/abhi/Desktop/compiler/project2b/build/edu/nyu/csci/cc/fall14/Pr2Base.hx category=rawHxModule output=/home/abhi/Desktop/compiler/project2b/build/edu/nyu/csci/cc/fall14/Pr2Base.hxraw.tmp simple-terms max-indent=10 width=255
// $Sortify
// $[Load, "/home/abhi/Desktop/compiler/project2b/build/edu/nyu/csci/cc/fall14/Pr2Base.hx", "rawHxModule"]

// Normalizing with 0 rules
// Normal form with null after 0 rewrites

+ mv /home/abhi/Desktop/compiler/project2b/build/edu/nyu/csci/cc/fall14/Pr2Base.hxraw.tmp /home/abhi/Desktop/compiler/project2b/build/edu/nyu/csci/cc/fall14/Pr2Base.hxraw
+ '[' -x /home/abhi/.hacs/lib/hacs/HacsRewriter -a -z '' ']'
+ LD_LIBRARY_PATH=/home/abhi/Desktop/hacs/hacs/lib/icu4c/lib
+ /home/abhi/.hacs/lib/hacs/HacsRewriter wrapper=Prep input=/home/abhi/Desktop/compiler/project2b/build/edu/nyu/csci/cc/fall14/Pr2Base.hxraw output=/home/abhi/Desktop/compiler/project2b/build/edu/nyu/csci/cc/fall14/Pr2Base.prep.tmp
+ mv /home/abhi/Desktop/compiler/project2b/build/edu/nyu/csci/cc/fall14/Pr2Base.prep.tmp /home/abhi/Desktop/compiler/project2b/build/edu/nyu/csci/cc/fall14/Pr2Base.prep
+ sed -e :start -e '/[/][*][*][*]\([^*]\|[*][^*]\)*$/{N; bstart;}' -e 's./[*][*][*]\([A-Z]*[&]\)*METAPG\([&][A-Z]*\)*: *\(\([^*]\|[*][^*]\)*\)[*][*][*]/.\3.g' -e tstart -e 's./[*][*][*]\([^*]\|[*][^*]\)*[*][*][*]/..g' -e tstart -e 's/ *$//gM' /home/abhi/Desktop/compiler/project2b/build/edu/nyu/csci/cc/fall14/Pr2Base.prep
+ mv /home/abhi/Desktop/compiler/project2b/build/edu/nyu/csci/cc/fall14/Pr2BaseHx.pgtemplate.tmp /home/abhi/Desktop/compiler/project2b/build/edu/nyu/csci/cc/fall14/Pr2BaseHx.pgtemplate
+ mkdir -p /home/abhi/Desktop/compiler/project2b/build/org/crsx/hacs
+ cd /home/abhi/Desktop/compiler/project2b/build
+ jar xf /home/abhi/.hacs/share/java/hacs.jar org/crsx/hacs/Hx.pgnames
+ cd /home/abhi/Desktop/compiler/project2b/build
+ jar xf /home/abhi/.hacs/share/java/hacs.jar org/crsx/hacs/Hx.pgdecs
+ cd /home/abhi/Desktop/compiler/project2b/build
+ jar xf /home/abhi/.hacs/share/java/hacs.jar org/crsx/hacs/Hx.pgpre
+ cd /home/abhi/Desktop/compiler/project2b/build
+ jar xf /home/abhi/.hacs/share/java/hacs.jar org/crsx/hacs/Hx.pgpost
++ sed -n 's/prefix *"\(.*\)".*/\1/p' /home/abhi/Desktop/compiler/project2b/build/edu/nyu/csci/cc/fall14/Pr2BaseHx.pgtemplate
+ prefix=pr2baseMeta_
+ sed -e s/%%%PREFIX%%%/pr2baseMeta_/g
+ sed -e '/%%%HXNONTERMINALS%%%/ bnames' -e '/%%%HXDECLARATIONS%%%/ bdecs' -e '/%%%HXPREPRODUCTIONS%%%/ bpre' -e '/%%%HXPOSTPRODUCTIONS%%%/ bpost' -e b -e :names -e 'r /home/abhi/Desktop/compiler/project2b/build/org/crsx/hacs/Hx.pgnames' -e d -e :decs -e 'r /home/abhi/Desktop/compiler/project2b/build/org/crsx/hacs/Hx.pgdecs' -e d -e :pre -e 'r /home/abhi/Desktop/compiler/project2b/build/org/crsx/hacs/Hx.pgpre' -e d -e :post -e 'r /home/abhi/Desktop/compiler/project2b/build/org/crsx/hacs/Hx.pgpost' -e d -e 's/ *$//' /home/abhi/Desktop/compiler/project2b/build/edu/nyu/csci/cc/fall14/Pr2BaseHx.pgtemplate
+ mv /home/abhi/Desktop/compiler/project2b/build/edu/nyu/csci/cc/fall14/Pr2BaseHx.pg.tmp /home/abhi/Desktop/compiler/project2b/build/edu/nyu/csci/cc/fall14/Pr2BaseHx.pg
+ java -ea -cp /home/abhi/Desktop/compiler/project2b/build:/home/abhi/.hacs/share/java/hacs.jar:/home/abhi/.hacs/share/java/crsx.jar net.sf.crsx.pg.PG verbose=1 -source=/home/abhi/Desktop/compiler/project2b/build /home/abhi/Desktop/compiler/project2b/build/edu/nyu/csci/cc/fall14/Pr2BaseHx.pg
+ mkdir -p /home/abhi/Desktop/compiler/project2b/build/edu/nyu/csci/cc/fall14/
+ cd /home/abhi/Desktop/compiler/project2b/build/edu/nyu/csci/cc/fall14/
+ java -cp /home/abhi/.hacs/share/java/javacc.jar javacc Pr2BaseHx.jj
Java Compiler Compiler Version 6.0_1 (Parser Generator)
(type "javacc" with no arguments for help)
Reading from file Pr2BaseHx.jj . . .
Warning: Line 4601, Column 18: Non-ASCII characters used in regular expression.Please make sure you use the correct Reader when you create the parser, one that can handle your character set.
File "TokenMgrError.java" is being rebuilt.
File "ParseException.java" is being rebuilt.
File "Token.java" is being rebuilt.
File "SimpleCharStream.java" is being rebuilt.
Parser generated with 0 errors and 1 warnings.
+ cd /home/abhi/Desktop/compiler/project2b/build
+ javac -cp :/home/abhi/.hacs/share/java/hacs.jar:/home/abhi/.hacs/share/java/crsx.jar edu/nyu/csci/cc/fall14/Pr2BaseHx.java
Note: edu/nyu/csci/cc/fall14/Pr2BaseHx.java uses or overrides a deprecated API.
Note: Recompile with -Xlint:deprecation for details.
+ java -ea -cp /home/abhi/Desktop/compiler/project2b/build:/home/abhi/.hacs/share/java/hacs.jar:/home/abhi/.hacs/share/java/crsx.jar -Dfile.encoding=UTF-8 -Xss20000K -Xmx2000m net.sf.crsx.run.Crsx allow-unnamed-rules allow-missing-cases sortify verbose=1 'grammar=('\''org.crsx.hacs.HxRaw'\'';'\''net.sf.crsx.text.Text'\'';)' input=/home/abhi/Desktop/compiler/project2b/build/edu/nyu/csci/cc/fall14/Pr2Base.hx category=rawHxModule output=/home/abhi/Desktop/compiler/project2b/build/edu/nyu/csci/cc/fall14/Pr2Base.hxraw.tmp simple-terms max-indent=10 width=255
// $Sortify
// $[Load, "/home/abhi/Desktop/compiler/project2b/build/edu/nyu/csci/cc/fall14/Pr2Base.hx", "rawHxModule"]

// Normalizing with 0 rules
// Normal form with null after 0 rewrites

+ mv /home/abhi/Desktop/compiler/project2b/build/edu/nyu/csci/cc/fall14/Pr2Base.hxraw.tmp /home/abhi/Desktop/compiler/project2b/build/edu/nyu/csci/cc/fall14/Pr2Base.hxraw
+ '[' -x /home/abhi/.hacs/lib/hacs/HacsRewriter -a -z '' ']'
+ LD_LIBRARY_PATH=/home/abhi/Desktop/hacs/hacs/lib/icu4c/lib
+ /home/abhi/.hacs/lib/hacs/HacsRewriter wrapper=Prep input=/home/abhi/Desktop/compiler/project2b/build/edu/nyu/csci/cc/fall14/Pr2Base.hxraw output=/home/abhi/Desktop/compiler/project2b/build/edu/nyu/csci/cc/fall14/Pr2Base.prep.tmp
+ mv /home/abhi/Desktop/compiler/project2b/build/edu/nyu/csci/cc/fall14/Pr2Base.prep.tmp /home/abhi/Desktop/compiler/project2b/build/edu/nyu/csci/cc/fall14/Pr2Base.prep
+ sed -e :start -e '/[/][*][*][*]\([^*]\|[*][^*]\)*$/{N; bstart;}' -e 's./[*][*][*]\([A-Z]*[&]\)*EMBEDPG\([&][A-Z]*\)*: *\(\([^*]\|[*][^*]\)*\)[*][*][*]/.\3.g' -e tstart -e 's./[*][*][*]\([^*]\|[*][^*]\)*[*][*][*]/..g' -e tstart -e 's/ *$//gM' /home/abhi/Desktop/compiler/project2b/build/edu/nyu/csci/cc/fall14/Pr2Base.prep
+ mv /home/abhi/Desktop/compiler/project2b/build/edu/nyu/csci/cc/fall14/Pr2BaseEmbed.pg.tmp /home/abhi/Desktop/compiler/project2b/build/edu/nyu/csci/cc/fall14/Pr2BaseEmbed.pg
+ java -ea -cp /home/abhi/Desktop/compiler/project2b/build:/home/abhi/.hacs/share/java/hacs.jar:/home/abhi/.hacs/share/java/crsx.jar net.sf.crsx.pg.PG verbose=1 -source=/home/abhi/Desktop/compiler/project2b/build /home/abhi/Desktop/compiler/project2b/build/edu/nyu/csci/cc/fall14/Pr2BaseEmbed.pg
+ mkdir -p /home/abhi/Desktop/compiler/project2b/build/edu/nyu/csci/cc/fall14/
+ cd /home/abhi/Desktop/compiler/project2b/build/edu/nyu/csci/cc/fall14/
+ java -cp /home/abhi/.hacs/share/java/javacc.jar javacc Pr2BaseEmbed.jj
Java Compiler Compiler Version 6.0_1 (Parser Generator)
(type "javacc" with no arguments for help)
Reading from file Pr2BaseEmbed.jj . . .
Warning: Line 2927, Column 34: Non-ASCII characters used in regular expression.Please make sure you use the correct Reader when you create the parser, one that can handle your character set.
File "TokenMgrError.java" is being rebuilt.
File "ParseException.java" is being rebuilt.
File "Token.java" is being rebuilt.
File "SimpleCharStream.java" is being rebuilt.
Parser generated with 0 errors and 1 warnings.
+ cd /home/abhi/Desktop/compiler/project2b/build
+ javac -cp :/home/abhi/.hacs/share/java/hacs.jar:/home/abhi/.hacs/share/java/crsx.jar edu/nyu/csci/cc/fall14/Pr2BaseEmbed.java
Note: edu/nyu/csci/cc/fall14/Pr2BaseEmbed.java uses or overrides a deprecated API.
Note: Recompile with -Xlint:deprecation for details.
+ java -ea -cp /home/abhi/Desktop/compiler/project2b/build:/home/abhi/.hacs/share/java/hacs.jar:/home/abhi/.hacs/share/java/crsx.jar -Dfile.encoding=UTF-8 -Xss20000K -Xmx2000m net.sf.crsx.run.Crsx allow-unnamed-rules allow-missing-cases sortify verbose=1 'grammar=('\''org.crsx.hacs.HxRaw'\'';'\''net.sf.crsx.text.Text'\'';)' input=/home/abhi/Desktop/compiler/project2b/build/edu/nyu/csci/cc/fall14/Pr2Base.hx category=rawHxModule output=/home/abhi/Desktop/compiler/project2b/build/edu/nyu/csci/cc/fall14/Pr2Base.hxraw.tmp simple-terms max-indent=10 width=255
// $Sortify
// $[Load, "/home/abhi/Desktop/compiler/project2b/build/edu/nyu/csci/cc/fall14/Pr2Base.hx", "rawHxModule"]

// Normalizing with 0 rules
// Normal form with null after 0 rewrites

+ mv /home/abhi/Desktop/compiler/project2b/build/edu/nyu/csci/cc/fall14/Pr2Base.hxraw.tmp /home/abhi/Desktop/compiler/project2b/build/edu/nyu/csci/cc/fall14/Pr2Base.hxraw
+ MODULE=edu.nyu.csci.cc.fall14.Pr2Base
+ NAME=Pr2Base
+ SORT=Program
+ SORTS='Program Declarations Declaration Members Member ArgumentSignature TypeIdentifierTail Statements Statement IfTail Type Expression Literal SimpleLiteral ObjectLiteral KeyValueTail KeyValue Identifier Integer String'
+ SINKCLASS=net.sf.crsx.text.TextSink
+ PARSERCLASS=edu.nyu.csci.cc.fall14.Pr2BaseParser
+ PREFIX=pr2base_
+ METAPARSERCLASS=edu.nyu.csci.cc.fall14.Pr2BaseHx
+ METAPREFIX=pr2baseMeta_
+ EMBEDPARSERCLASS=edu.nyu.csci.cc.fall14.Pr2BaseEmbed
+ EMBEDPREFIX=pr2baseEmbed_
+ dir=/home/abhi/Desktop/compiler/project2b/build/edu/nyu/csci/cc/fall14/
+ package=edu.nyu.csci.cc.fall14
++ tr . /
++ echo edu.nyu.csci.cc.fall14
+ packagedir=edu/nyu/csci/cc/fall14
+ java -ea -cp /home/abhi/Desktop/compiler/project2b/build:/home/abhi/.hacs/share/java/hacs.jar:/home/abhi/.hacs/share/java/crsx.jar -Dfile.encoding=UTF-8 -Xss20000K -Xmx2000m net.sf.crsx.run.Crsx allow-unnamed-rules allow-missing-cases sortify verbose=1 'grammar=('\''edu.nyu.csci.cc.fall14.Pr2BaseHx'\'';'\''edu.nyu.csci.cc.fall14.Pr2BaseEmbed'\'';'\''net.sf.crsx.text.Text'\'';)' input=/home/abhi/Desktop/compiler/project2b/build/edu/nyu/csci/cc/fall14/Pr2Base.hx category=pr2baseMeta_HxModule output=/home/abhi/Desktop/compiler/project2b/build/edu/nyu/csci/cc/fall14/Pr2Base.hxprep.tmp simple-terms max-indent=10 width=255
// $Sortify
// $[Load, "/home/abhi/Desktop/compiler/project2b/build/edu/nyu/csci/cc/fall14/Pr2Base.hx", "pr2baseMeta_HxModule"]

// Normalizing with 0 rules
// Normal form with null after 0 rewrites

+ mv /home/abhi/Desktop/compiler/project2b/build/edu/nyu/csci/cc/fall14/Pr2Base.hxprep.tmp /home/abhi/Desktop/compiler/project2b/build/edu/nyu/csci/cc/fall14/Pr2Base.hxprep
+ '[' -x /home/abhi/.hacs/lib/hacs/HacsRewriter -a -z '' ']'
+ LD_LIBRARY_PATH=/home/abhi/Desktop/hacs/hacs/lib/icu4c/lib
+ /home/abhi/.hacs/lib/hacs/HacsRewriter crsx-debug-steps wrapper=Cook input=/home/abhi/Desktop/compiler/project2b/build/edu/nyu/csci/cc/fall14/Pr2Base.hxprep output=/home/abhi/Desktop/compiler/project2b/build/edu/nyu/csci/cc/fall14/Pr2BaseRewriter.crs.tmp
+ sed s/222222222/9/g /home/abhi/Desktop/compiler/project2b/build/edu/nyu/csci/cc/fall14/Pr2BaseRewriter.crs.tmp
+ java -ea -cp /home/abhi/Desktop/compiler/project2b/build:/home/abhi/.hacs/share/java/hacs.jar:/home/abhi/.hacs/share/java/crsx.jar -Dfile.encoding=UTF-8 -Xss20000K -Xmx2000m net.sf.crsx.run.Crsx allow-unnamed-rules allow-missing-cases sortify verbose=1 'grammar=('\''org.crsx.hacs.HxRaw'\'';'\''net.sf.crsx.text.Text'\'';)' input=/home/abhi/Desktop/compiler/project2b/build/edu/nyu/csci/cc/fall14/Pr2Base.hx category=rawHxModule output=/home/abhi/Desktop/compiler/project2b/build/edu/nyu/csci/cc/fall14/Pr2Base.hxraw.tmp simple-terms max-indent=10 width=255
// $Sortify
// $[Load, "/home/abhi/Desktop/compiler/project2b/build/edu/nyu/csci/cc/fall14/Pr2Base.hx", "rawHxModule"]

// Normalizing with 0 rules
// Normal form with null after 0 rewrites

+ mv /home/abhi/Desktop/compiler/project2b/build/edu/nyu/csci/cc/fall14/Pr2Base.hxraw.tmp /home/abhi/Desktop/compiler/project2b/build/edu/nyu/csci/cc/fall14/Pr2Base.hxraw
+ '[' -x /home/abhi/.hacs/lib/hacs/HacsRewriter -a -z '' ']'
+ LD_LIBRARY_PATH=/home/abhi/Desktop/hacs/hacs/lib/icu4c/lib
+ /home/abhi/.hacs/lib/hacs/HacsRewriter wrapper=Prep input=/home/abhi/Desktop/compiler/project2b/build/edu/nyu/csci/cc/fall14/Pr2Base.hxraw output=/home/abhi/Desktop/compiler/project2b/build/edu/nyu/csci/cc/fall14/Pr2Base.prep.tmp
+ mv /home/abhi/Desktop/compiler/project2b/build/edu/nyu/csci/cc/fall14/Pr2Base.prep.tmp /home/abhi/Desktop/compiler/project2b/build/edu/nyu/csci/cc/fall14/Pr2Base.prep
+ sed -e :start -e '/[/][*][*][*]\([^*]\|[*][^*]\)*$/{N; bstart;}' -e 's./[*][*][*]\([A-Z]*[&]\)*USERPG\([&][A-Z]*\)*: *\(\([^*]\|[*][^*]\)*\)[*][*][*]/.\3.g' -e tstart -e 's./[*][*][*]\([^*]\|[*][^*]\)*[*][*][*]/..g' -e tstart -e 's/ *$//gM' /home/abhi/Desktop/compiler/project2b/build/edu/nyu/csci/cc/fall14/Pr2Base.prep
+ mv /home/abhi/Desktop/compiler/project2b/build/edu/nyu/csci/cc/fall14/Pr2BaseParser.pg.tmp /home/abhi/Desktop/compiler/project2b/build/edu/nyu/csci/cc/fall14/Pr2BaseParser.pg
+ java -ea -cp /home/abhi/Desktop/compiler/project2b/build:/home/abhi/.hacs/share/java/hacs.jar:/home/abhi/.hacs/share/java/crsx.jar net.sf.crsx.pg.PG verbose=1 -source=/home/abhi/Desktop/compiler/project2b/build /home/abhi/Desktop/compiler/project2b/build/edu/nyu/csci/cc/fall14/Pr2BaseParser.pg
+ mkdir -p /home/abhi/Desktop/compiler/project2b/build/edu/nyu/csci/cc/fall14/
+ cd /home/abhi/Desktop/compiler/project2b/build/edu/nyu/csci/cc/fall14/
+ java -cp /home/abhi/.hacs/share/java/javacc.jar javacc Pr2BaseParser.jj
Java Compiler Compiler Version 6.0_1 (Parser Generator)
(type "javacc" with no arguments for help)
Reading from file Pr2BaseParser.jj . . .
File "TokenMgrError.java" is being rebuilt.
File "ParseException.java" is being rebuilt.
File "Token.java" is being rebuilt.
File "SimpleCharStream.java" is being rebuilt.
Parser generated successfully.
+ cd /home/abhi/Desktop/compiler/project2b/build
+ javac -cp :/home/abhi/.hacs/share/java/hacs.jar:/home/abhi/.hacs/share/java/crsx.jar edu/nyu/csci/cc/fall14/Pr2BaseParser.java
Note: edu/nyu/csci/cc/fall14/Pr2BaseParser.java uses or overrides a deprecated API.
Note: Recompile with -Xlint:deprecation for details.
+ java -ea -cp /home/abhi/Desktop/compiler/project2b/build:/home/abhi/.hacs/share/java/hacs.jar:/home/abhi/.hacs/share/java/crsx.jar -Dfile.encoding=UTF-8 -Xss20000K -Xmx2000m net.sf.crsx.run.Crsx allow-unnamed-rules allow-missing-cases sortify verbose=1 'grammar=('\''org.crsx.hacs.HxRaw'\'';'\''net.sf.crsx.text.Text'\'';)' input=/home/abhi/Desktop/compiler/project2b/build/edu/nyu/csci/cc/fall14/Pr2Base.hx category=rawHxModule output=/home/abhi/Desktop/compiler/project2b/build/edu/nyu/csci/cc/fall14/Pr2Base.hxraw.tmp simple-terms max-indent=10 width=255
// $Sortify
// $[Load, "/home/abhi/Desktop/compiler/project2b/build/edu/nyu/csci/cc/fall14/Pr2Base.hx", "rawHxModule"]

// Normalizing with 0 rules
// Normal form with null after 0 rewrites

+ mv /home/abhi/Desktop/compiler/project2b/build/edu/nyu/csci/cc/fall14/Pr2Base.hxraw.tmp /home/abhi/Desktop/compiler/project2b/build/edu/nyu/csci/cc/fall14/Pr2Base.hxraw
+ '[' -x /home/abhi/.hacs/lib/hacs/HacsRewriter -a -z '' ']'
+ LD_LIBRARY_PATH=/home/abhi/Desktop/hacs/hacs/lib/icu4c/lib
+ /home/abhi/.hacs/lib/hacs/HacsRewriter wrapper=Prep input=/home/abhi/Desktop/compiler/project2b/build/edu/nyu/csci/cc/fall14/Pr2Base.hxraw output=/home/abhi/Desktop/compiler/project2b/build/edu/nyu/csci/cc/fall14/Pr2Base.prep.tmp
+ mv /home/abhi/Desktop/compiler/project2b/build/edu/nyu/csci/cc/fall14/Pr2Base.prep.tmp /home/abhi/Desktop/compiler/project2b/build/edu/nyu/csci/cc/fall14/Pr2Base.prep
+ sed -e :start -e '/[/][*][*][*]\([^*]\|[*][^*]\)*$/{N; bstart;}' -e 's./[*][*][*]\([A-Z]*[&]\)*METAPG\([&][A-Z]*\)*: *\(\([^*]\|[*][^*]\)*\)[*][*][*]/.\3.g' -e tstart -e 's./[*][*][*]\([^*]\|[*][^*]\)*[*][*][*]/..g' -e tstart -e 's/ *$//gM' /home/abhi/Desktop/compiler/project2b/build/edu/nyu/csci/cc/fall14/Pr2Base.prep
+ mv /home/abhi/Desktop/compiler/project2b/build/edu/nyu/csci/cc/fall14/Pr2BaseHx.pgtemplate.tmp /home/abhi/Desktop/compiler/project2b/build/edu/nyu/csci/cc/fall14/Pr2BaseHx.pgtemplate
+ mkdir -p /home/abhi/Desktop/compiler/project2b/build/org/crsx/hacs
+ cd /home/abhi/Desktop/compiler/project2b/build
+ jar xf /home/abhi/.hacs/share/java/hacs.jar org/crsx/hacs/Hx.pgnames
+ cd /home/abhi/Desktop/compiler/project2b/build
+ jar xf /home/abhi/.hacs/share/java/hacs.jar org/crsx/hacs/Hx.pgdecs
+ cd /home/abhi/Desktop/compiler/project2b/build
+ jar xf /home/abhi/.hacs/share/java/hacs.jar org/crsx/hacs/Hx.pgpre
+ cd /home/abhi/Desktop/compiler/project2b/build
+ jar xf /home/abhi/.hacs/share/java/hacs.jar org/crsx/hacs/Hx.pgpost
++ sed -n 's/prefix *"\(.*\)".*/\1/p' /home/abhi/Desktop/compiler/project2b/build/edu/nyu/csci/cc/fall14/Pr2BaseHx.pgtemplate
+ prefix=pr2baseMeta_
+ sed -e s/%%%PREFIX%%%/pr2baseMeta_/g
+ sed -e '/%%%HXNONTERMINALS%%%/ bnames' -e '/%%%HXDECLARATIONS%%%/ bdecs' -e '/%%%HXPREPRODUCTIONS%%%/ bpre' -e '/%%%HXPOSTPRODUCTIONS%%%/ bpost' -e b -e :names -e 'r /home/abhi/Desktop/compiler/project2b/build/org/crsx/hacs/Hx.pgnames' -e d -e :decs -e 'r /home/abhi/Desktop/compiler/project2b/build/org/crsx/hacs/Hx.pgdecs' -e d -e :pre -e 'r /home/abhi/Desktop/compiler/project2b/build/org/crsx/hacs/Hx.pgpre' -e d -e :post -e 'r /home/abhi/Desktop/compiler/project2b/build/org/crsx/hacs/Hx.pgpost' -e d -e 's/ *$//' /home/abhi/Desktop/compiler/project2b/build/edu/nyu/csci/cc/fall14/Pr2BaseHx.pgtemplate
+ mv /home/abhi/Desktop/compiler/project2b/build/edu/nyu/csci/cc/fall14/Pr2BaseHx.pg.tmp /home/abhi/Desktop/compiler/project2b/build/edu/nyu/csci/cc/fall14/Pr2BaseHx.pg
+ java -ea -cp /home/abhi/Desktop/compiler/project2b/build:/home/abhi/.hacs/share/java/hacs.jar:/home/abhi/.hacs/share/java/crsx.jar net.sf.crsx.pg.PG verbose=1 -source=/home/abhi/Desktop/compiler/project2b/build /home/abhi/Desktop/compiler/project2b/build/edu/nyu/csci/cc/fall14/Pr2BaseHx.pg
+ mkdir -p /home/abhi/Desktop/compiler/project2b/build/edu/nyu/csci/cc/fall14/
+ cd /home/abhi/Desktop/compiler/project2b/build/edu/nyu/csci/cc/fall14/
+ java -cp /home/abhi/.hacs/share/java/javacc.jar javacc Pr2BaseHx.jj
Java Compiler Compiler Version 6.0_1 (Parser Generator)
(type "javacc" with no arguments for help)
Reading from file Pr2BaseHx.jj . . .
Warning: Line 4601, Column 18: Non-ASCII characters used in regular expression.Please make sure you use the correct Reader when you create the parser, one that can handle your character set.
File "TokenMgrError.java" is being rebuilt.
File "ParseException.java" is being rebuilt.
File "Token.java" is being rebuilt.
File "SimpleCharStream.java" is being rebuilt.
Parser generated with 0 errors and 1 warnings.
+ cd /home/abhi/Desktop/compiler/project2b/build
+ javac -cp :/home/abhi/.hacs/share/java/hacs.jar:/home/abhi/.hacs/share/java/crsx.jar edu/nyu/csci/cc/fall14/Pr2BaseHx.java
Note: edu/nyu/csci/cc/fall14/Pr2BaseHx.java uses or overrides a deprecated API.
Note: Recompile with -Xlint:deprecation for details.
+ java -ea -cp /home/abhi/Desktop/compiler/project2b/build:/home/abhi/.hacs/share/java/hacs.jar:/home/abhi/.hacs/share/java/crsx.jar -Dfile.encoding=UTF-8 -Xss20000K -Xmx2000m net.sf.crsx.run.Crsx allow-unnamed-rules allow-missing-cases sortify verbose=1 'grammar=('\''org.crsx.hacs.HxRaw'\'';'\''net.sf.crsx.text.Text'\'';)' input=/home/abhi/Desktop/compiler/project2b/build/edu/nyu/csci/cc/fall14/Pr2Base.hx category=rawHxModule output=/home/abhi/Desktop/compiler/project2b/build/edu/nyu/csci/cc/fall14/Pr2Base.hxraw.tmp simple-terms max-indent=10 width=255
// $Sortify
// $[Load, "/home/abhi/Desktop/compiler/project2b/build/edu/nyu/csci/cc/fall14/Pr2Base.hx", "rawHxModule"]

// Normalizing with 0 rules
// Normal form with null after 0 rewrites

+ mv /home/abhi/Desktop/compiler/project2b/build/edu/nyu/csci/cc/fall14/Pr2Base.hxraw.tmp /home/abhi/Desktop/compiler/project2b/build/edu/nyu/csci/cc/fall14/Pr2Base.hxraw
+ '[' -x /home/abhi/.hacs/lib/hacs/HacsRewriter -a -z '' ']'
+ LD_LIBRARY_PATH=/home/abhi/Desktop/hacs/hacs/lib/icu4c/lib
+ /home/abhi/.hacs/lib/hacs/HacsRewriter wrapper=Prep input=/home/abhi/Desktop/compiler/project2b/build/edu/nyu/csci/cc/fall14/Pr2Base.hxraw output=/home/abhi/Desktop/compiler/project2b/build/edu/nyu/csci/cc/fall14/Pr2Base.prep.tmp
+ mv /home/abhi/Desktop/compiler/project2b/build/edu/nyu/csci/cc/fall14/Pr2Base.prep.tmp /home/abhi/Desktop/compiler/project2b/build/edu/nyu/csci/cc/fall14/Pr2Base.prep
+ sed -e :start -e '/[/][*][*][*]\([^*]\|[*][^*]\)*$/{N; bstart;}' -e 's./[*][*][*]\([A-Z]*[&]\)*EMBEDPG\([&][A-Z]*\)*: *\(\([^*]\|[*][^*]\)*\)[*][*][*]/.\3.g' -e tstart -e 's./[*][*][*]\([^*]\|[*][^*]\)*[*][*][*]/..g' -e tstart -e 's/ *$//gM' /home/abhi/Desktop/compiler/project2b/build/edu/nyu/csci/cc/fall14/Pr2Base.prep
+ mv /home/abhi/Desktop/compiler/project2b/build/edu/nyu/csci/cc/fall14/Pr2BaseEmbed.pg.tmp /home/abhi/Desktop/compiler/project2b/build/edu/nyu/csci/cc/fall14/Pr2BaseEmbed.pg
+ java -ea -cp /home/abhi/Desktop/compiler/project2b/build:/home/abhi/.hacs/share/java/hacs.jar:/home/abhi/.hacs/share/java/crsx.jar net.sf.crsx.pg.PG verbose=1 -source=/home/abhi/Desktop/compiler/project2b/build /home/abhi/Desktop/compiler/project2b/build/edu/nyu/csci/cc/fall14/Pr2BaseEmbed.pg
+ mkdir -p /home/abhi/Desktop/compiler/project2b/build/edu/nyu/csci/cc/fall14/
+ cd /home/abhi/Desktop/compiler/project2b/build/edu/nyu/csci/cc/fall14/
+ java -cp /home/abhi/.hacs/share/java/javacc.jar javacc Pr2BaseEmbed.jj
Java Compiler Compiler Version 6.0_1 (Parser Generator)
(type "javacc" with no arguments for help)
Reading from file Pr2BaseEmbed.jj . . .
Warning: Line 2927, Column 34: Non-ASCII characters used in regular expression.Please make sure you use the correct Reader when you create the parser, one that can handle your character set.
File "TokenMgrError.java" is being rebuilt.
File "ParseException.java" is being rebuilt.
File "Token.java" is being rebuilt.
File "SimpleCharStream.java" is being rebuilt.
Parser generated with 0 errors and 1 warnings.
+ cd /home/abhi/Desktop/compiler/project2b/build
+ javac -cp :/home/abhi/.hacs/share/java/hacs.jar:/home/abhi/.hacs/share/java/crsx.jar edu/nyu/csci/cc/fall14/Pr2BaseEmbed.java
Note: edu/nyu/csci/cc/fall14/Pr2BaseEmbed.java uses or overrides a deprecated API.
Note: Recompile with -Xlint:deprecation for details.
+ java -ea -cp /home/abhi/Desktop/compiler/project2b/build:/home/abhi/.hacs/share/java/hacs.jar:/home/abhi/.hacs/share/java/crsx.jar -Dfile.encoding=UTF-8 -Xss20000K -Xmx2000m net.sf.crsx.run.Crsx allow-unnamed-rules allow-missing-cases sortify verbose=1 'grammar=('\''org.crsx.hacs.HxRaw'\'';'\''net.sf.crsx.text.Text'\'';)' input=/home/abhi/Desktop/compiler/project2b/build/edu/nyu/csci/cc/fall14/Pr2Base.hx category=rawHxModule output=/home/abhi/Desktop/compiler/project2b/build/edu/nyu/csci/cc/fall14/Pr2Base.hxraw.tmp simple-terms max-indent=10 width=255
// $Sortify
// $[Load, "/home/abhi/Desktop/compiler/project2b/build/edu/nyu/csci/cc/fall14/Pr2Base.hx", "rawHxModule"]

// Normalizing with 0 rules
// Normal form with null after 0 rewrites

+ mv /home/abhi/Desktop/compiler/project2b/build/edu/nyu/csci/cc/fall14/Pr2Base.hxraw.tmp /home/abhi/Desktop/compiler/project2b/build/edu/nyu/csci/cc/fall14/Pr2Base.hxraw
+ MODULE=edu.nyu.csci.cc.fall14.Pr2Base
+ NAME=Pr2Base
+ SORT=Program
+ SORTS='Program Declarations Declaration Members Member ArgumentSignature TypeIdentifierTail Statements Statement IfTail Type Expression Literal SimpleLiteral ObjectLiteral KeyValueTail KeyValue Identifier Integer String'
+ SINKCLASS=net.sf.crsx.text.TextSink
+ PARSERCLASS=edu.nyu.csci.cc.fall14.Pr2BaseParser
+ PREFIX=pr2base_
+ METAPARSERCLASS=edu.nyu.csci.cc.fall14.Pr2BaseHx
+ METAPREFIX=pr2baseMeta_
+ EMBEDPARSERCLASS=edu.nyu.csci.cc.fall14.Pr2BaseEmbed
+ EMBEDPREFIX=pr2baseEmbed_
+ dir=/home/abhi/Desktop/compiler/project2b/build/edu/nyu/csci/cc/fall14/
+ package=edu.nyu.csci.cc.fall14
++ tr . /
++ echo edu.nyu.csci.cc.fall14
+ packagedir=edu/nyu/csci/cc/fall14
+ java -ea -cp /home/abhi/Desktop/compiler/project2b/build:/home/abhi/.hacs/share/java/hacs.jar:/home/abhi/.hacs/share/java/crsx.jar -Dfile.encoding=UTF-8 -Xss20000K -Xmx2000m net.sf.crsx.run.Crsx allow-unnamed-rules allow-missing-cases sortify verbose=1 'grammar=('\''edu.nyu.csci.cc.fall14.Pr2BaseHx'\'';'\''edu.nyu.csci.cc.fall14.Pr2BaseEmbed'\'';'\''net.sf.crsx.text.Text'\'';)' input=/home/abhi/Desktop/compiler/project2b/build/edu/nyu/csci/cc/fall14/Pr2Base.hx category=pr2baseMeta_HxModule output=/home/abhi/Desktop/compiler/project2b/build/edu/nyu/csci/cc/fall14/Pr2Base.hxprep.tmp simple-terms max-indent=10 width=255
// $Sortify
// $[Load, "/home/abhi/Desktop/compiler/project2b/build/edu/nyu/csci/cc/fall14/Pr2Base.hx", "pr2baseMeta_HxModule"]

// Normalizing with 0 rules
// Normal form with null after 0 rewrites

+ mv /home/abhi/Desktop/compiler/project2b/build/edu/nyu/csci/cc/fall14/Pr2Base.hxprep.tmp /home/abhi/Desktop/compiler/project2b/build/edu/nyu/csci/cc/fall14/Pr2Base.hxprep
+ '[' -x /home/abhi/.hacs/lib/hacs/HacsRewriter -a -z '' ']'
+ LD_LIBRARY_PATH=/home/abhi/Desktop/hacs/hacs/lib/icu4c/lib
+ /home/abhi/.hacs/lib/hacs/HacsRewriter crsx-debug-steps wrapper=Cook input=/home/abhi/Desktop/compiler/project2b/build/edu/nyu/csci/cc/fall14/Pr2Base.hxprep output=/home/abhi/Desktop/compiler/project2b/build/edu/nyu/csci/cc/fall14/Pr2BaseRewriter.crs.tmp
+ sed s/222222222/9/g /home/abhi/Desktop/compiler/project2b/build/edu/nyu/csci/cc/fall14/Pr2BaseRewriter.crs.tmp
+ MODULE=edu.nyu.csci.cc.fall14.Pr2Base
+ NAME=Pr2Base
+ SORT=Program
+ SORTS='Program Declarations Declaration Members Member ArgumentSignature TypeIdentifierTail Statements Statement IfTail Type Expression Literal SimpleLiteral ObjectLiteral KeyValueTail KeyValue Identifier Integer String'
+ SINKCLASS=net.sf.crsx.text.TextSink
+ PARSERCLASS=edu.nyu.csci.cc.fall14.Pr2BaseParser
+ PREFIX=pr2base_
+ METAPARSERCLASS=edu.nyu.csci.cc.fall14.Pr2BaseHx
+ METAPREFIX=pr2baseMeta_
+ EMBEDPARSERCLASS=edu.nyu.csci.cc.fall14.Pr2BaseEmbed
+ EMBEDPREFIX=pr2baseEmbed_
+ dir=./
+ package=edu.nyu.csci.cc.fall14
++ tr . /
++ echo edu.nyu.csci.cc.fall14
+ packagedir=edu/nyu/csci/cc/fall14
+ '[' -x /home/abhi/.hacs/lib/hacs/HacsRewriter -a -z '' ']'
++ unzip -q -p /home/abhi/.hacs/share/java/hacs.jar org/crsx/hacs/VERSION
+ LD_LIBRARY_PATH=/home/abhi/Desktop/hacs/hacs/lib/icu4c/lib
+ /home/abhi/.hacs/lib/hacs/HacsRewriter term=MakeRun output=Pr2Base.run.tmp MODULE=edu.nyu.csci.cc.fall14.Pr2Base NAME=Pr2Base SORT=Program 'SORTS=Program Declarations Declaration Members Member ArgumentSignature TypeIdentifierTail Statements Statement IfTail Type Expression Literal SimpleLiteral ObjectLiteral KeyValueTail KeyValue Identifier Integer String' SINKCLASS=net.sf.crsx.text.TextSink PARSERCLASS=edu.nyu.csci.cc.fall14.Pr2BaseParser PREFIX=pr2base_ METAPARSERCLASS=edu.nyu.csci.cc.fall14.Pr2BaseHx METAPREFIX=pr2baseMeta_ EMBEDPARSERCLASS=edu.nyu.csci.cc.fall14.Pr2BaseEmbed EMBEDPREFIX=pr2baseEmbed_ PACKAGE=edu.nyu.csci.cc.fall14 PACKAGEDIR=edu/nyu/csci/cc/fall14 BUILD=/home/abhi/Desktop/compiler/project2b/build HACSVERSION=0.9.2 CRSXJAR=/home/abhi/.hacs/share/java/crsx.jar HACSJAR=/home/abhi/.hacs/share/java/hacs.jar CRSXC=/home/abhi/.hacs/lib/hacs/crsxc ICU4CINCLUDE=/home/abhi/Desktop/hacs/hacs/lib/icu4c/include ICU4CDIR=/home/abhi/Desktop/hacs/hacs/lib/icu4c/lib LIBDIR=/home/abhi/.hacs/lib/hacs BINDIR=/home/abhi/.hacs/bin DOCDIR= SHAREDIR=/home/abhi/.hacs/share/hacs SHAREJAVA=/home/abhi/.hacs/share/java SHELL=/bin/bash JAVA=java JAVAC=javac
+ mv Pr2Base.run.tmp Pr2Base.run
+ java -ea -cp /home/abhi/Desktop/compiler/project2b/build:/home/abhi/.hacs/share/java/hacs.jar:/home/abhi/.hacs/share/java/crsx.jar -Dfile.encoding=UTF-8 -Xss20000K -Xmx2000m net.sf.crsx.run.Crsx allow-unnamed-rules allow-missing-cases sortify verbose=1 'grammar=('\''org.crsx.hacs.HxRaw'\'';'\''net.sf.crsx.text.Text'\'';)' input=/home/abhi/Desktop/compiler/project2b/build/edu/nyu/csci/cc/fall14/Pr2Base.hx category=rawHxModule output=/home/abhi/Desktop/compiler/project2b/build/edu/nyu/csci/cc/fall14/Pr2Base.hxraw.tmp simple-terms max-indent=10 width=255
// $Sortify
// $[Load, "/home/abhi/Desktop/compiler/project2b/build/edu/nyu/csci/cc/fall14/Pr2Base.hx", "rawHxModule"]

// Normalizing with 0 rules
// Normal form with null after 0 rewrites

+ mv /home/abhi/Desktop/compiler/project2b/build/edu/nyu/csci/cc/fall14/Pr2Base.hxraw.tmp /home/abhi/Desktop/compiler/project2b/build/edu/nyu/csci/cc/fall14/Pr2Base.hxraw
+ '[' -x /home/abhi/.hacs/lib/hacs/HacsRewriter -a -z '' ']'
+ LD_LIBRARY_PATH=/home/abhi/Desktop/hacs/hacs/lib/icu4c/lib
+ /home/abhi/.hacs/lib/hacs/HacsRewriter wrapper=Prep input=/home/abhi/Desktop/compiler/project2b/build/edu/nyu/csci/cc/fall14/Pr2Base.hxraw output=/home/abhi/Desktop/compiler/project2b/build/edu/nyu/csci/cc/fall14/Pr2Base.prep.tmp
+ mv /home/abhi/Desktop/compiler/project2b/build/edu/nyu/csci/cc/fall14/Pr2Base.prep.tmp /home/abhi/Desktop/compiler/project2b/build/edu/nyu/csci/cc/fall14/Pr2Base.prep
+ sed -e :start -e '/[/][*][*][*]\([^*]\|[*][^*]\)*$/{N; bstart;}' -e 's./[*][*][*]\([A-Z]*[&]\)*USERPG\([&][A-Z]*\)*: *\(\([^*]\|[*][^*]\)*\)[*][*][*]/.\3.g' -e tstart -e 's./[*][*][*]\([^*]\|[*][^*]\)*[*][*][*]/..g' -e tstart -e 's/ *$//gM' /home/abhi/Desktop/compiler/project2b/build/edu/nyu/csci/cc/fall14/Pr2Base.prep
+ mv /home/abhi/Desktop/compiler/project2b/build/edu/nyu/csci/cc/fall14/Pr2BaseParser.pg.tmp /home/abhi/Desktop/compiler/project2b/build/edu/nyu/csci/cc/fall14/Pr2BaseParser.pg
+ java -ea -cp /home/abhi/Desktop/compiler/project2b/build:/home/abhi/.hacs/share/java/hacs.jar:/home/abhi/.hacs/share/java/crsx.jar net.sf.crsx.pg.PG verbose=1 -source=/home/abhi/Desktop/compiler/project2b/build /home/abhi/Desktop/compiler/project2b/build/edu/nyu/csci/cc/fall14/Pr2BaseParser.pg
+ mkdir -p /home/abhi/Desktop/compiler/project2b/build/edu/nyu/csci/cc/fall14/
+ cd /home/abhi/Desktop/compiler/project2b/build/edu/nyu/csci/cc/fall14/
+ java -cp /home/abhi/.hacs/share/java/javacc.jar javacc Pr2BaseParser.jj
Java Compiler Compiler Version 6.0_1 (Parser Generator)
(type "javacc" with no arguments for help)
Reading from file Pr2BaseParser.jj . . .
File "TokenMgrError.java" is being rebuilt.
File "ParseException.java" is being rebuilt.
File "Token.java" is being rebuilt.
File "SimpleCharStream.java" is being rebuilt.
Parser generated successfully.
+ cd /home/abhi/Desktop/compiler/project2b/build
+ javac -cp :/home/abhi/.hacs/share/java/hacs.jar:/home/abhi/.hacs/share/java/crsx.jar edu/nyu/csci/cc/fall14/Pr2BaseParser.java
Note: edu/nyu/csci/cc/fall14/Pr2BaseParser.java uses or overrides a deprecated API.
Note: Recompile with -Xlint:deprecation for details.
+ java -ea -cp /home/abhi/Desktop/compiler/project2b/build:/home/abhi/.hacs/share/java/hacs.jar:/home/abhi/.hacs/share/java/crsx.jar -Dfile.encoding=UTF-8 -Xss20000K -Xmx2000m net.sf.crsx.run.Crsx allow-unnamed-rules allow-missing-cases sortify verbose=1 'grammar=('\''org.crsx.hacs.HxRaw'\'';'\''net.sf.crsx.text.Text'\'';)' input=/home/abhi/Desktop/compiler/project2b/build/edu/nyu/csci/cc/fall14/Pr2Base.hx category=rawHxModule output=/home/abhi/Desktop/compiler/project2b/build/edu/nyu/csci/cc/fall14/Pr2Base.hxraw.tmp simple-terms max-indent=10 width=255
// $Sortify
// $[Load, "/home/abhi/Desktop/compiler/project2b/build/edu/nyu/csci/cc/fall14/Pr2Base.hx", "rawHxModule"]

// Normalizing with 0 rules
// Normal form with null after 0 rewrites

+ mv /home/abhi/Desktop/compiler/project2b/build/edu/nyu/csci/cc/fall14/Pr2Base.hxraw.tmp /home/abhi/Desktop/compiler/project2b/build/edu/nyu/csci/cc/fall14/Pr2Base.hxraw
+ '[' -x /home/abhi/.hacs/lib/hacs/HacsRewriter -a -z '' ']'
+ LD_LIBRARY_PATH=/home/abhi/Desktop/hacs/hacs/lib/icu4c/lib
+ /home/abhi/.hacs/lib/hacs/HacsRewriter wrapper=Prep input=/home/abhi/Desktop/compiler/project2b/build/edu/nyu/csci/cc/fall14/Pr2Base.hxraw output=/home/abhi/Desktop/compiler/project2b/build/edu/nyu/csci/cc/fall14/Pr2Base.prep.tmp
+ mv /home/abhi/Desktop/compiler/project2b/build/edu/nyu/csci/cc/fall14/Pr2Base.prep.tmp /home/abhi/Desktop/compiler/project2b/build/edu/nyu/csci/cc/fall14/Pr2Base.prep
+ sed -e :start -e '/[/][*][*][*]\([^*]\|[*][^*]\)*$/{N; bstart;}' -e 's./[*][*][*]\([A-Z]*[&]\)*METAPG\([&][A-Z]*\)*: *\(\([^*]\|[*][^*]\)*\)[*][*][*]/.\3.g' -e tstart -e 's./[*][*][*]\([^*]\|[*][^*]\)*[*][*][*]/..g' -e tstart -e 's/ *$//gM' /home/abhi/Desktop/compiler/project2b/build/edu/nyu/csci/cc/fall14/Pr2Base.prep
+ mv /home/abhi/Desktop/compiler/project2b/build/edu/nyu/csci/cc/fall14/Pr2BaseHx.pgtemplate.tmp /home/abhi/Desktop/compiler/project2b/build/edu/nyu/csci/cc/fall14/Pr2BaseHx.pgtemplate
+ mkdir -p /home/abhi/Desktop/compiler/project2b/build/org/crsx/hacs
+ cd /home/abhi/Desktop/compiler/project2b/build
+ jar xf /home/abhi/.hacs/share/java/hacs.jar org/crsx/hacs/Hx.pgnames
+ cd /home/abhi/Desktop/compiler/project2b/build
+ jar xf /home/abhi/.hacs/share/java/hacs.jar org/crsx/hacs/Hx.pgdecs
+ cd /home/abhi/Desktop/compiler/project2b/build
+ jar xf /home/abhi/.hacs/share/java/hacs.jar org/crsx/hacs/Hx.pgpre
+ cd /home/abhi/Desktop/compiler/project2b/build
+ jar xf /home/abhi/.hacs/share/java/hacs.jar org/crsx/hacs/Hx.pgpost
++ sed -n 's/prefix *"\(.*\)".*/\1/p' /home/abhi/Desktop/compiler/project2b/build/edu/nyu/csci/cc/fall14/Pr2BaseHx.pgtemplate
+ prefix=pr2baseMeta_
+ sed -e s/%%%PREFIX%%%/pr2baseMeta_/g
+ sed -e '/%%%HXNONTERMINALS%%%/ bnames' -e '/%%%HXDECLARATIONS%%%/ bdecs' -e '/%%%HXPREPRODUCTIONS%%%/ bpre' -e '/%%%HXPOSTPRODUCTIONS%%%/ bpost' -e b -e :names -e 'r /home/abhi/Desktop/compiler/project2b/build/org/crsx/hacs/Hx.pgnames' -e d -e :decs -e 'r /home/abhi/Desktop/compiler/project2b/build/org/crsx/hacs/Hx.pgdecs' -e d -e :pre -e 'r /home/abhi/Desktop/compiler/project2b/build/org/crsx/hacs/Hx.pgpre' -e d -e :post -e 'r /home/abhi/Desktop/compiler/project2b/build/org/crsx/hacs/Hx.pgpost' -e d -e 's/ *$//' /home/abhi/Desktop/compiler/project2b/build/edu/nyu/csci/cc/fall14/Pr2BaseHx.pgtemplate
+ mv /home/abhi/Desktop/compiler/project2b/build/edu/nyu/csci/cc/fall14/Pr2BaseHx.pg.tmp /home/abhi/Desktop/compiler/project2b/build/edu/nyu/csci/cc/fall14/Pr2BaseHx.pg
+ java -ea -cp /home/abhi/Desktop/compiler/project2b/build:/home/abhi/.hacs/share/java/hacs.jar:/home/abhi/.hacs/share/java/crsx.jar net.sf.crsx.pg.PG verbose=1 -source=/home/abhi/Desktop/compiler/project2b/build /home/abhi/Desktop/compiler/project2b/build/edu/nyu/csci/cc/fall14/Pr2BaseHx.pg
+ mkdir -p /home/abhi/Desktop/compiler/project2b/build/edu/nyu/csci/cc/fall14/
+ cd /home/abhi/Desktop/compiler/project2b/build/edu/nyu/csci/cc/fall14/
+ java -cp /home/abhi/.hacs/share/java/javacc.jar javacc Pr2BaseHx.jj
Java Compiler Compiler Version 6.0_1 (Parser Generator)
(type "javacc" with no arguments for help)
Reading from file Pr2BaseHx.jj . . .
Warning: Line 4601, Column 18: Non-ASCII characters used in regular expression.Please make sure you use the correct Reader when you create the parser, one that can handle your character set.
File "TokenMgrError.java" is being rebuilt.
File "ParseException.java" is being rebuilt.
File "Token.java" is being rebuilt.
File "SimpleCharStream.java" is being rebuilt.
Parser generated with 0 errors and 1 warnings.
+ cd /home/abhi/Desktop/compiler/project2b/build
+ javac -cp :/home/abhi/.hacs/share/java/hacs.jar:/home/abhi/.hacs/share/java/crsx.jar edu/nyu/csci/cc/fall14/Pr2BaseHx.java
Note: edu/nyu/csci/cc/fall14/Pr2BaseHx.java uses or overrides a deprecated API.
Note: Recompile with -Xlint:deprecation for details.
+ java -ea -cp /home/abhi/Desktop/compiler/project2b/build:/home/abhi/.hacs/share/java/hacs.jar:/home/abhi/.hacs/share/java/crsx.jar -Dfile.encoding=UTF-8 -Xss20000K -Xmx2000m net.sf.crsx.run.Crsx allow-unnamed-rules allow-missing-cases sortify verbose=1 'grammar=('\''org.crsx.hacs.HxRaw'\'';'\''net.sf.crsx.text.Text'\'';)' input=/home/abhi/Desktop/compiler/project2b/build/edu/nyu/csci/cc/fall14/Pr2Base.hx category=rawHxModule output=/home/abhi/Desktop/compiler/project2b/build/edu/nyu/csci/cc/fall14/Pr2Base.hxraw.tmp simple-terms max-indent=10 width=255
// $Sortify
// $[Load, "/home/abhi/Desktop/compiler/project2b/build/edu/nyu/csci/cc/fall14/Pr2Base.hx", "rawHxModule"]

// Normalizing with 0 rules
// Normal form with null after 0 rewrites

+ mv /home/abhi/Desktop/compiler/project2b/build/edu/nyu/csci/cc/fall14/Pr2Base.hxraw.tmp /home/abhi/Desktop/compiler/project2b/build/edu/nyu/csci/cc/fall14/Pr2Base.hxraw
+ '[' -x /home/abhi/.hacs/lib/hacs/HacsRewriter -a -z '' ']'
+ LD_LIBRARY_PATH=/home/abhi/Desktop/hacs/hacs/lib/icu4c/lib
+ /home/abhi/.hacs/lib/hacs/HacsRewriter wrapper=Prep input=/home/abhi/Desktop/compiler/project2b/build/edu/nyu/csci/cc/fall14/Pr2Base.hxraw output=/home/abhi/Desktop/compiler/project2b/build/edu/nyu/csci/cc/fall14/Pr2Base.prep.tmp
+ mv /home/abhi/Desktop/compiler/project2b/build/edu/nyu/csci/cc/fall14/Pr2Base.prep.tmp /home/abhi/Desktop/compiler/project2b/build/edu/nyu/csci/cc/fall14/Pr2Base.prep
+ sed -e :start -e '/[/][*][*][*]\([^*]\|[*][^*]\)*$/{N; bstart;}' -e 's./[*][*][*]\([A-Z]*[&]\)*EMBEDPG\([&][A-Z]*\)*: *\(\([^*]\|[*][^*]\)*\)[*][*][*]/.\3.g' -e tstart -e 's./[*][*][*]\([^*]\|[*][^*]\)*[*][*][*]/..g' -e tstart -e 's/ *$//gM' /home/abhi/Desktop/compiler/project2b/build/edu/nyu/csci/cc/fall14/Pr2Base.prep
+ mv /home/abhi/Desktop/compiler/project2b/build/edu/nyu/csci/cc/fall14/Pr2BaseEmbed.pg.tmp /home/abhi/Desktop/compiler/project2b/build/edu/nyu/csci/cc/fall14/Pr2BaseEmbed.pg
+ java -ea -cp /home/abhi/Desktop/compiler/project2b/build:/home/abhi/.hacs/share/java/hacs.jar:/home/abhi/.hacs/share/java/crsx.jar net.sf.crsx.pg.PG verbose=1 -source=/home/abhi/Desktop/compiler/project2b/build /home/abhi/Desktop/compiler/project2b/build/edu/nyu/csci/cc/fall14/Pr2BaseEmbed.pg
+ mkdir -p /home/abhi/Desktop/compiler/project2b/build/edu/nyu/csci/cc/fall14/
+ cd /home/abhi/Desktop/compiler/project2b/build/edu/nyu/csci/cc/fall14/
+ java -cp /home/abhi/.hacs/share/java/javacc.jar javacc Pr2BaseEmbed.jj
Java Compiler Compiler Version 6.0_1 (Parser Generator)
(type "javacc" with no arguments for help)
Reading from file Pr2BaseEmbed.jj . . .
Warning: Line 2927, Column 34: Non-ASCII characters used in regular expression.Please make sure you use the correct Reader when you create the parser, one that can handle your character set.
File "TokenMgrError.java" is being rebuilt.
File "ParseException.java" is being rebuilt.
File "Token.java" is being rebuilt.
File "SimpleCharStream.java" is being rebuilt.
Parser generated with 0 errors and 1 warnings.
+ cd /home/abhi/Desktop/compiler/project2b/build
+ javac -cp :/home/abhi/.hacs/share/java/hacs.jar:/home/abhi/.hacs/share/java/crsx.jar edu/nyu/csci/cc/fall14/Pr2BaseEmbed.java
Note: edu/nyu/csci/cc/fall14/Pr2BaseEmbed.java uses or overrides a deprecated API.
Note: Recompile with -Xlint:deprecation for details.
+ java -ea -cp /home/abhi/Desktop/compiler/project2b/build:/home/abhi/.hacs/share/java/hacs.jar:/home/abhi/.hacs/share/java/crsx.jar -Dfile.encoding=UTF-8 -Xss20000K -Xmx2000m net.sf.crsx.run.Crsx allow-unnamed-rules allow-missing-cases sortify verbose=1 'grammar=('\''org.crsx.hacs.HxRaw'\'';'\''net.sf.crsx.text.Text'\'';)' input=/home/abhi/Desktop/compiler/project2b/build/edu/nyu/csci/cc/fall14/Pr2Base.hx category=rawHxModule output=/home/abhi/Desktop/compiler/project2b/build/edu/nyu/csci/cc/fall14/Pr2Base.hxraw.tmp simple-terms max-indent=10 width=255
// $Sortify
// $[Load, "/home/abhi/Desktop/compiler/project2b/build/edu/nyu/csci/cc/fall14/Pr2Base.hx", "rawHxModule"]

// Normalizing with 0 rules
// Normal form with null after 0 rewrites

+ mv /home/abhi/Desktop/compiler/project2b/build/edu/nyu/csci/cc/fall14/Pr2Base.hxraw.tmp /home/abhi/Desktop/compiler/project2b/build/edu/nyu/csci/cc/fall14/Pr2Base.hxraw
+ MODULE=edu.nyu.csci.cc.fall14.Pr2Base
+ NAME=Pr2Base
+ SORT=Program
+ SORTS='Program Declarations Declaration Members Member ArgumentSignature TypeIdentifierTail Statements Statement IfTail Type Expression Literal SimpleLiteral ObjectLiteral KeyValueTail KeyValue Identifier Integer String'
+ SINKCLASS=net.sf.crsx.text.TextSink
+ PARSERCLASS=edu.nyu.csci.cc.fall14.Pr2BaseParser
+ PREFIX=pr2base_
+ METAPARSERCLASS=edu.nyu.csci.cc.fall14.Pr2BaseHx
+ METAPREFIX=pr2baseMeta_
+ EMBEDPARSERCLASS=edu.nyu.csci.cc.fall14.Pr2BaseEmbed
+ EMBEDPREFIX=pr2baseEmbed_
+ dir=/home/abhi/Desktop/compiler/project2b/build/edu/nyu/csci/cc/fall14/
+ package=edu.nyu.csci.cc.fall14
++ tr . /
++ echo edu.nyu.csci.cc.fall14
+ packagedir=edu/nyu/csci/cc/fall14
+ java -ea -cp /home/abhi/Desktop/compiler/project2b/build:/home/abhi/.hacs/share/java/hacs.jar:/home/abhi/.hacs/share/java/crsx.jar -Dfile.encoding=UTF-8 -Xss20000K -Xmx2000m net.sf.crsx.run.Crsx allow-unnamed-rules allow-missing-cases sortify verbose=1 'grammar=('\''edu.nyu.csci.cc.fall14.Pr2BaseHx'\'';'\''edu.nyu.csci.cc.fall14.Pr2BaseEmbed'\'';'\''net.sf.crsx.text.Text'\'';)' input=/home/abhi/Desktop/compiler/project2b/build/edu/nyu/csci/cc/fall14/Pr2Base.hx category=pr2baseMeta_HxModule output=/home/abhi/Desktop/compiler/project2b/build/edu/nyu/csci/cc/fall14/Pr2Base.hxprep.tmp simple-terms max-indent=10 width=255
// $Sortify
// $[Load, "/home/abhi/Desktop/compiler/project2b/build/edu/nyu/csci/cc/fall14/Pr2Base.hx", "pr2baseMeta_HxModule"]

// Normalizing with 0 rules
// Normal form with null after 0 rewrites

+ mv /home/abhi/Desktop/compiler/project2b/build/edu/nyu/csci/cc/fall14/Pr2Base.hxprep.tmp /home/abhi/Desktop/compiler/project2b/build/edu/nyu/csci/cc/fall14/Pr2Base.hxprep
+ '[' -x /home/abhi/.hacs/lib/hacs/HacsRewriter -a -z '' ']'
+ LD_LIBRARY_PATH=/home/abhi/Desktop/hacs/hacs/lib/icu4c/lib
+ /home/abhi/.hacs/lib/hacs/HacsRewriter crsx-debug-steps wrapper=Cook input=/home/abhi/Desktop/compiler/project2b/build/edu/nyu/csci/cc/fall14/Pr2Base.hxprep output=/home/abhi/Desktop/compiler/project2b/build/edu/nyu/csci/cc/fall14/Pr2BaseRewriter.crs.tmp
+ sed s/222222222/9/g /home/abhi/Desktop/compiler/project2b/build/edu/nyu/csci/cc/fall14/Pr2BaseRewriter.crs.tmp
